2016-03-09 19:46:41.637+0000 INFO  [o.n.k.i.f.CommunityFacadeFactory] No locking implementation specified, defaulting to 'community'
2016-03-09 19:46:41.740+0000 INFO  [o.n.k.i.DiagnosticsManager] --- INITIALIZED diagnostics START ---
2016-03-09 19:46:41.740+0000 INFO  [o.n.k.i.DiagnosticsManager] Neo4j Kernel properties:
2016-03-09 19:46:41.740+0000 INFO  [o.n.k.i.DiagnosticsManager] org.neo4j.server.db.tuning.properties=/Users/ian/Desktop/project-repo/constituencies.graphdb/neo4j.properties
2016-03-09 19:46:41.740+0000 INFO  [o.n.k.i.DiagnosticsManager] org.neo4j.server.database.location=/Users/ian/Desktop/project-repo/constituencies.graphdb
2016-03-09 19:46:41.740+0000 INFO  [o.n.k.i.DiagnosticsManager] org.neo4j.server.webserver.port=7474
2016-03-09 19:46:41.740+0000 INFO  [o.n.k.i.DiagnosticsManager] dbms.querylog.filename=data/log/queries.log
2016-03-09 19:46:41.741+0000 INFO  [o.n.k.i.DiagnosticsManager] dbms.security.auth_store.location=/Users/ian/Desktop/project-repo/constituencies.graphdb/./dbms/auth
2016-03-09 19:46:41.741+0000 INFO  [o.n.k.i.DiagnosticsManager] org.neo4j.server.http.log.enabled=false
2016-03-09 19:46:41.741+0000 INFO  [o.n.k.i.DiagnosticsManager] dbms.security.tls_certificate_file=/Users/ian/Desktop/project-repo/constituencies.graphdb/./dbms/ssl/snakeoil.cert
2016-03-09 19:46:41.741+0000 INFO  [o.n.k.i.DiagnosticsManager] org.neo4j.server.webserver.https.port=7473
2016-03-09 19:46:41.741+0000 INFO  [o.n.k.i.DiagnosticsManager] remote_shell_enabled=true
2016-03-09 19:46:41.741+0000 INFO  [o.n.k.i.DiagnosticsManager] edition=Community
2016-03-09 19:46:41.741+0000 INFO  [o.n.k.i.DiagnosticsManager] dbms.security.tls_key_file=/Users/ian/Desktop/project-repo/constituencies.graphdb/./dbms/ssl/snakeoil.key
2016-03-09 19:46:41.741+0000 INFO  [o.n.k.i.DiagnosticsManager] dbms.security.auth_enabled=true
2016-03-09 19:46:41.741+0000 INFO  [o.n.k.i.DiagnosticsManager] Diagnostics providers:
2016-03-09 19:46:41.741+0000 INFO  [o.n.k.i.DiagnosticsManager] org.neo4j.kernel.configuration.Config
2016-03-09 19:46:41.741+0000 INFO  [o.n.k.i.DiagnosticsManager] org.neo4j.kernel.info.DiagnosticsManager
2016-03-09 19:46:41.741+0000 INFO  [o.n.k.i.DiagnosticsManager] SYSTEM_MEMORY
2016-03-09 19:46:41.741+0000 INFO  [o.n.k.i.DiagnosticsManager] JAVA_MEMORY
2016-03-09 19:46:41.741+0000 INFO  [o.n.k.i.DiagnosticsManager] OPERATING_SYSTEM
2016-03-09 19:46:41.742+0000 INFO  [o.n.k.i.DiagnosticsManager] JAVA_VIRTUAL_MACHINE
2016-03-09 19:46:41.742+0000 INFO  [o.n.k.i.DiagnosticsManager] CLASSPATH
2016-03-09 19:46:41.742+0000 INFO  [o.n.k.i.DiagnosticsManager] LIBRARY_PATH
2016-03-09 19:46:41.742+0000 INFO  [o.n.k.i.DiagnosticsManager] SYSTEM_PROPERTIES
2016-03-09 19:46:41.742+0000 INFO  [o.n.k.i.DiagnosticsManager] NETWORK
2016-03-09 19:46:41.742+0000 INFO  [o.n.k.i.DiagnosticsManager] System memory information:
2016-03-09 19:46:41.744+0000 INFO  [o.n.k.i.DiagnosticsManager] Total Physical memory: 16.00 GB
2016-03-09 19:46:41.745+0000 INFO  [o.n.k.i.DiagnosticsManager] Free Physical memory: 10.44 GB
2016-03-09 19:46:41.747+0000 INFO  [o.n.k.i.DiagnosticsManager] Committed virtual memory: 6.97 GB
2016-03-09 19:46:41.748+0000 INFO  [o.n.k.i.DiagnosticsManager] Total swap space: 0.00 B
2016-03-09 19:46:41.749+0000 INFO  [o.n.k.i.DiagnosticsManager] Free swap space: 0.00 B
2016-03-09 19:46:41.749+0000 INFO  [o.n.k.i.DiagnosticsManager] JVM memory information:
2016-03-09 19:46:41.749+0000 INFO  [o.n.k.i.DiagnosticsManager] Free  memory: 172.75 MB
2016-03-09 19:46:41.750+0000 INFO  [o.n.k.i.DiagnosticsManager] Total memory: 245.50 MB
2016-03-09 19:46:41.750+0000 INFO  [o.n.k.i.DiagnosticsManager] Max   memory: 3.56 GB
2016-03-09 19:46:41.756+0000 INFO  [o.n.k.i.DiagnosticsManager] Garbage Collector: PS Scavenge: [PS Eden Space, PS Survivor Space]
2016-03-09 19:46:41.756+0000 INFO  [o.n.k.i.DiagnosticsManager] Garbage Collector: PS MarkSweep: [PS Eden Space, PS Survivor Space, PS Old Gen, PS Perm Gen]
2016-03-09 19:46:41.759+0000 INFO  [o.n.k.i.DiagnosticsManager] Memory Pool: Code Cache (Non-heap memory): committed=2.44 MB, used=970.38 kB, max=48.00 MB, threshold=0.00 B
2016-03-09 19:46:41.759+0000 INFO  [o.n.k.i.DiagnosticsManager] Memory Pool: PS Eden Space (Heap memory): committed=64.50 MB, used=43.40 MB, max=1.31 GB, threshold=?
2016-03-09 19:46:41.760+0000 INFO  [o.n.k.i.DiagnosticsManager] Memory Pool: PS Survivor Space (Heap memory): committed=10.50 MB, used=10.48 MB, max=10.50 MB, threshold=?
2016-03-09 19:46:41.760+0000 INFO  [o.n.k.i.DiagnosticsManager] Memory Pool: PS Old Gen (Heap memory): committed=170.50 MB, used=18.87 MB, max=2.67 GB, threshold=0.00 B
2016-03-09 19:46:41.761+0000 INFO  [o.n.k.i.DiagnosticsManager] Memory Pool: PS Perm Gen (Non-heap memory): committed=21.00 MB, used=20.14 MB, max=82.00 MB, threshold=0.00 B
2016-03-09 19:46:41.761+0000 INFO  [o.n.k.i.DiagnosticsManager] Operating system information:
2016-03-09 19:46:41.763+0000 INFO  [o.n.k.i.DiagnosticsManager] Operating System: Mac OS X; version: 10.11.4; arch: x86_64; cpus: 4
2016-03-09 19:46:41.765+0000 INFO  [o.n.k.i.DiagnosticsManager] Max number of file descriptors: 10240
2016-03-09 19:46:41.766+0000 INFO  [o.n.k.i.DiagnosticsManager] Number of open file descriptors: 42
2016-03-09 19:46:41.778+0000 INFO  [o.n.k.i.DiagnosticsManager] Process id: 749@ianmbp.local
2016-03-09 19:46:41.778+0000 INFO  [o.n.k.i.DiagnosticsManager] Byte order: LITTLE_ENDIAN
2016-03-09 19:46:41.779+0000 INFO  [o.n.k.i.DiagnosticsManager] Local timezone: Europe/Dublin
2016-03-09 19:46:41.779+0000 INFO  [o.n.k.i.DiagnosticsManager] JVM information:
2016-03-09 19:46:41.779+0000 INFO  [o.n.k.i.DiagnosticsManager] VM Name: Java HotSpot(TM) 64-Bit Server VM
2016-03-09 19:46:41.779+0000 INFO  [o.n.k.i.DiagnosticsManager] VM Vendor: Oracle Corporation
2016-03-09 19:46:41.779+0000 INFO  [o.n.k.i.DiagnosticsManager] VM Version: 24.80-b11
2016-03-09 19:46:41.779+0000 INFO  [o.n.k.i.DiagnosticsManager] JIT compiler: HotSpot 64-Bit Tiered Compilers
2016-03-09 19:46:41.781+0000 INFO  [o.n.k.i.DiagnosticsManager] VM Arguments: [-Dfile.encoding=UTF-8, -Dinstall4j.launcherId=24, -Dinstall4j.swt=false, -Dexe4j.moduleName=/Applications/Neo4j Community Edition.app, -Di4j.ownBundlePath=/Applications/Neo4j Community Edition.app, -Di4j.jreBundle=/Applications/Neo4j Community Edition.app/Contents/Resources/jre.bundle]
2016-03-09 19:46:41.781+0000 INFO  [o.n.k.i.DiagnosticsManager] Java classpath:
2016-03-09 19:46:41.782+0000 INFO  [o.n.k.i.DiagnosticsManager]  [loader.1] file:/Applications/Neo4j%20Community%20Edition.app/Contents/Resources/jre.bundle/Contents/Home/jre/lib/ext/localedata.jar
2016-03-09 19:46:41.782+0000 INFO  [o.n.k.i.DiagnosticsManager]  [bootstrap] /Applications/Neo4j Community Edition.app/Contents/Resources/jre.bundle/Contents/Home/jre/lib/sunrsasign.jar
2016-03-09 19:46:41.782+0000 INFO  [o.n.k.i.DiagnosticsManager]  [bootstrap] /Applications/Neo4j Community Edition.app/Contents/Resources/jre.bundle/Contents/Home/jre/lib/jce.jar
2016-03-09 19:46:41.782+0000 INFO  [o.n.k.i.DiagnosticsManager]  [loader.0] file:/Applications/Neo4j%20Community%20Edition.app/Contents/Resources/app/.install4j/i4jruntime.jar
2016-03-09 19:46:41.782+0000 INFO  [o.n.k.i.DiagnosticsManager]  [bootstrap] /Applications/Neo4j Community Edition.app/Contents/Resources/jre.bundle/Contents/Home/jre/lib/rt.jar
2016-03-09 19:46:41.782+0000 INFO  [o.n.k.i.DiagnosticsManager]  [loader.0] file:/Applications/Neo4j%20Community%20Edition.app/Contents/Resources/app/bin/neo4j-desktop-2.3.0.jar
2016-03-09 19:46:41.782+0000 INFO  [o.n.k.i.DiagnosticsManager]  [loader.1] file:/System/Library/Java/Extensions/MRJToolkit.jar
2016-03-09 19:46:41.782+0000 INFO  [o.n.k.i.DiagnosticsManager]  [loader.1] file:/Applications/Neo4j%20Community%20Edition.app/Contents/Resources/jre.bundle/Contents/Home/jre/lib/ext/sunjce_provider.jar
2016-03-09 19:46:41.782+0000 INFO  [o.n.k.i.DiagnosticsManager]  [loader.1] file:/Applications/Neo4j%20Community%20Edition.app/Contents/Resources/jre.bundle/Contents/Home/jre/lib/ext/dnsns.jar
2016-03-09 19:46:41.782+0000 INFO  [o.n.k.i.DiagnosticsManager]  [loader.1] file:/Applications/Neo4j%20Community%20Edition.app/Contents/Resources/jre.bundle/Contents/Home/jre/lib/ext/sunec.jar
2016-03-09 19:46:41.782+0000 INFO  [o.n.k.i.DiagnosticsManager]  [loader.1] file:/Applications/Neo4j%20Community%20Edition.app/Contents/Resources/jre.bundle/Contents/Home/jre/lib/ext/zipfs.jar
2016-03-09 19:46:41.782+0000 INFO  [o.n.k.i.DiagnosticsManager]  [loader.1] file:/Applications/Neo4j%20Community%20Edition.app/Contents/Resources/jre.bundle/Contents/Home/jre/lib/ext/sunpkcs11.jar
2016-03-09 19:46:41.782+0000 INFO  [o.n.k.i.DiagnosticsManager]  [classpath] /Applications/Neo4j Community Edition.app/Contents/Resources/app/.install4j/i4jruntime.jar
2016-03-09 19:46:41.782+0000 INFO  [o.n.k.i.DiagnosticsManager]  [bootstrap] /Applications/Neo4j Community Edition.app/Contents/Resources/jre.bundle/Contents/Home/jre/classes
2016-03-09 19:46:41.782+0000 INFO  [o.n.k.i.DiagnosticsManager]  [bootstrap] /Applications/Neo4j Community Edition.app/Contents/Resources/jre.bundle/Contents/Home/jre/lib/jsse.jar
2016-03-09 19:46:41.782+0000 INFO  [o.n.k.i.DiagnosticsManager]  [bootstrap] /Applications/Neo4j Community Edition.app/Contents/Resources/jre.bundle/Contents/Home/jre/lib/charsets.jar
2016-03-09 19:46:41.783+0000 INFO  [o.n.k.i.DiagnosticsManager]  [classpath] /Applications/Neo4j Community Edition.app/Contents/Resources/app/bin/neo4j-desktop-2.3.0.jar
2016-03-09 19:46:41.783+0000 INFO  [o.n.k.i.DiagnosticsManager]  [bootstrap] /Applications/Neo4j Community Edition.app/Contents/Resources/jre.bundle/Contents/Home/jre/lib/resources.jar
2016-03-09 19:46:41.783+0000 INFO  [o.n.k.i.DiagnosticsManager]  [bootstrap] /Applications/Neo4j Community Edition.app/Contents/Resources/jre.bundle/Contents/Home/jre/lib/jfr.jar
2016-03-09 19:46:41.783+0000 INFO  [o.n.k.i.DiagnosticsManager] Library path:
2016-03-09 19:46:41.783+0000 INFO  [o.n.k.i.DiagnosticsManager] /Users/ian/Library/Java/Extensions
2016-03-09 19:46:41.783+0000 INFO  [o.n.k.i.DiagnosticsManager] /Library/Java/Extensions
2016-03-09 19:46:41.783+0000 INFO  [o.n.k.i.DiagnosticsManager] /Network/Library/Java/Extensions
2016-03-09 19:46:41.783+0000 INFO  [o.n.k.i.DiagnosticsManager] /System/Library/Java/Extensions
2016-03-09 19:46:41.783+0000 INFO  [o.n.k.i.DiagnosticsManager] /usr/lib/java
2016-03-09 19:46:41.783+0000 INFO  [o.n.k.i.DiagnosticsManager] /Applications/Neo4j Community Edition.app/Contents/Resources/app/bin
2016-03-09 19:46:41.783+0000 INFO  [o.n.k.i.DiagnosticsManager] System.properties:
2016-03-09 19:46:41.783+0000 INFO  [o.n.k.i.DiagnosticsManager] exe4j.moduleName = /Applications/Neo4j Community Edition.app
2016-03-09 19:46:41.783+0000 INFO  [o.n.k.i.DiagnosticsManager] sun.boot.library.path = /Applications/Neo4j Community Edition.app/Contents/Resources/jre.bundle/Contents/Home/jre/lib
2016-03-09 19:46:41.783+0000 INFO  [o.n.k.i.DiagnosticsManager] user.country.format = IE
2016-03-09 19:46:41.783+0000 INFO  [o.n.k.i.DiagnosticsManager] i4j.jreBundle = /Applications/Neo4j Community Edition.app/Contents/Resources/jre.bundle
2016-03-09 19:46:41.784+0000 INFO  [o.n.k.i.DiagnosticsManager] gopherProxySet = false
2016-03-09 19:46:41.784+0000 INFO  [o.n.k.i.DiagnosticsManager] path.separator = :
2016-03-09 19:46:41.784+0000 INFO  [o.n.k.i.DiagnosticsManager] file.encoding.pkg = sun.io
2016-03-09 19:46:41.784+0000 INFO  [o.n.k.i.DiagnosticsManager] user.country = US
2016-03-09 19:46:41.784+0000 INFO  [o.n.k.i.DiagnosticsManager] sun.java.launcher = SUN_STANDARD
2016-03-09 19:46:41.784+0000 INFO  [o.n.k.i.DiagnosticsManager] sun.os.patch.level = unknown
2016-03-09 19:46:41.784+0000 INFO  [o.n.k.i.DiagnosticsManager] install4j.exeDir = /Applications/
2016-03-09 19:46:41.784+0000 INFO  [o.n.k.i.DiagnosticsManager] user.dir = /Applications/Neo4j Community Edition.app/Contents/Resources/app/bin
2016-03-09 19:46:41.784+0000 INFO  [o.n.k.i.DiagnosticsManager] neo4j.ext.udc.source = desktop
2016-03-09 19:46:41.784+0000 INFO  [o.n.k.i.DiagnosticsManager] i4j.ownBundlePath = /Applications/Neo4j Community Edition.app
2016-03-09 19:46:41.784+0000 INFO  [o.n.k.i.DiagnosticsManager] sun.jnu.encoding = UTF-8
2016-03-09 19:46:41.784+0000 INFO  [o.n.k.i.DiagnosticsManager] sun.awt.enableExtraMouseButtons = true
2016-03-09 19:46:41.784+0000 INFO  [o.n.k.i.DiagnosticsManager] install4j.launcherId = 24
2016-03-09 19:46:41.784+0000 INFO  [o.n.k.i.DiagnosticsManager] sun.management.compiler = HotSpot 64-Bit Tiered Compilers
2016-03-09 19:46:41.784+0000 INFO  [o.n.k.i.DiagnosticsManager] install4j.swt = false
2016-03-09 19:46:41.784+0000 INFO  [o.n.k.i.DiagnosticsManager] apple.awt.fileDialogForDirectories = false
2016-03-09 19:46:41.784+0000 INFO  [o.n.k.i.DiagnosticsManager] http.nonProxyHosts = local|*.local|169.254/16|*.169.254/16
2016-03-09 19:46:41.784+0000 INFO  [o.n.k.i.DiagnosticsManager] user.home = /Users/ian
2016-03-09 19:46:41.784+0000 INFO  [o.n.k.i.DiagnosticsManager] user.timezone = Europe/Dublin
2016-03-09 19:46:41.784+0000 INFO  [o.n.k.i.DiagnosticsManager] file.encoding = UTF-8
2016-03-09 19:46:41.785+0000 INFO  [o.n.k.i.DiagnosticsManager] user.name = ian
2016-03-09 19:46:41.785+0000 INFO  [o.n.k.i.DiagnosticsManager] sun.java.command = com.install4j.runtime.launcher.MacLauncher
2016-03-09 19:46:41.785+0000 INFO  [o.n.k.i.DiagnosticsManager] sun.arch.data.model = 64
2016-03-09 19:46:41.785+0000 INFO  [o.n.k.i.DiagnosticsManager] user.language = en
2016-03-09 19:46:41.785+0000 INFO  [o.n.k.i.DiagnosticsManager] awt.toolkit = sun.lwawt.macosx.LWCToolkit
2016-03-09 19:46:41.785+0000 INFO  [o.n.k.i.DiagnosticsManager] install4j.appDir = /Applications/Neo4j Community Edition.app/Contents/Resources/app/
2016-03-09 19:46:41.785+0000 INFO  [o.n.k.i.DiagnosticsManager] file.separator = /
2016-03-09 19:46:41.785+0000 INFO  [o.n.k.i.DiagnosticsManager] sun.font.fontmanager = sun.font.CFontManager
2016-03-09 19:46:41.785+0000 INFO  [o.n.k.i.DiagnosticsManager] sun.io.unicode.encoding = UnicodeBig
2016-03-09 19:46:41.785+0000 INFO  [o.n.k.i.DiagnosticsManager] sun.cpu.endian = little
2016-03-09 19:46:41.785+0000 INFO  [o.n.k.i.DiagnosticsManager] socksNonProxyHosts = local|*.local|169.254/16|*.169.254/16
2016-03-09 19:46:41.785+0000 INFO  [o.n.k.i.DiagnosticsManager] ftp.nonProxyHosts = local|*.local|169.254/16|*.169.254/16
2016-03-09 19:46:41.785+0000 INFO  [o.n.k.i.DiagnosticsManager] sun.cpu.isalist = 
2016-03-09 19:46:41.785+0000 INFO  [o.n.k.i.DiagnosticsManager] Network information:
2016-03-09 19:46:41.793+0000 INFO  [o.n.k.i.DiagnosticsManager] Interface awdl0:
2016-03-09 19:46:41.794+0000 INFO  [o.n.k.i.DiagnosticsManager]     address: fe80:0:0:0:c8b1:edff:fe66:2000%8
2016-03-09 19:46:41.794+0000 INFO  [o.n.k.i.DiagnosticsManager] Interface en0:
2016-03-09 19:46:41.794+0000 INFO  [o.n.k.i.DiagnosticsManager]     address: fe80:0:0:0:a299:9bff:fe0b:5d15%4
2016-03-09 19:46:41.795+0000 INFO  [o.n.k.i.DiagnosticsManager]     address: 192.168.1.56
2016-03-09 19:46:41.795+0000 INFO  [o.n.k.i.DiagnosticsManager] Interface lo0:
2016-03-09 19:46:41.795+0000 INFO  [o.n.k.i.DiagnosticsManager]     address: fe80:0:0:0:0:0:0:1%1
2016-03-09 19:46:41.795+0000 INFO  [o.n.k.i.DiagnosticsManager]     address: 0:0:0:0:0:0:0:1
2016-03-09 19:46:41.795+0000 INFO  [o.n.k.i.DiagnosticsManager]     address: 127.0.0.1
2016-03-09 19:46:41.795+0000 INFO  [o.n.k.i.DiagnosticsManager] --- INITIALIZED diagnostics END ---
2016-03-09 19:46:42.245+0000 INFO  [o.n.k.a.i.i.LuceneLabelScanStore] No lucene scan store index found, this might just be first use. Preparing to rebuild.
2016-03-09 19:46:42.326+0000 INFO  [o.n.k.NeoStoreDataSource] Opened logical log [/Users/ian/Desktop/project-repo/constituencies.graphdb/neostore.transaction.db.0] version=0, lastTxId=1 (clean)
2016-03-09 19:46:42.332+0000 WARN  [o.n.k.i.s.MetaDataStore] Missing counts store, rebuilding it.
2016-03-09 19:46:42.432+0000 INFO  [o.n.k.a.i.i.LuceneLabelScanStore] Rebuilding lucene scan store, this may take a while
2016-03-09 19:46:42.499+0000 INFO  [o.n.k.a.i.i.LuceneLabelScanStore] Lucene scan store rebuilt (roughly -1 nodes)
2016-03-09 19:46:42.505+0000 INFO  [o.n.k.KernelHealth] Kernel health set to OK
2016-03-09 19:46:43.412+0000 INFO  [o.n.k.i.f.CommunityFacadeFactory] Database is now ready
2016-03-09 19:46:43.414+0000 INFO  [o.n.k.i.DiagnosticsManager] --- STARTED diagnostics for KernelDiagnostics:Versions START ---
2016-03-09 19:46:43.414+0000 INFO  [o.n.k.i.DiagnosticsManager] Graph Database: Community StoreId{creationTime=1457552802092, randomId=1977946274690558294, storeVersion=15250506225055238, upgradeTime=1457552802092, upgradeId=1}
2016-03-09 19:46:43.414+0000 INFO  [o.n.k.i.DiagnosticsManager] Kernel version: 2.3.0
2016-03-09 19:46:43.414+0000 INFO  [o.n.k.i.DiagnosticsManager] --- STARTED diagnostics for KernelDiagnostics:Versions END ---
2016-03-09 19:46:43.417+0000 INFO  [o.n.k.i.DiagnosticsManager] --- STARTED diagnostics for NEO_STORE_VERSIONS START ---
2016-03-09 19:46:43.417+0000 INFO  [o.n.k.i.DiagnosticsManager] Store versions:
2016-03-09 19:46:43.417+0000 INFO  [o.n.k.i.DiagnosticsManager] Store versions:
2016-03-09 19:46:43.417+0000 INFO  [o.n.k.i.DiagnosticsManager] ArrayPropertyStore v0.A.6
2016-03-09 19:46:43.418+0000 INFO  [o.n.k.i.DiagnosticsManager] NodeStore v0.A.6
2016-03-09 19:46:43.418+0000 INFO  [o.n.k.i.DiagnosticsManager] StringPropertyStore v0.A.6
2016-03-09 19:46:43.418+0000 INFO  [o.n.k.i.DiagnosticsManager] PropertyIndexStore v0.A.6
2016-03-09 19:46:43.418+0000 INFO  [o.n.k.i.DiagnosticsManager] StringPropertyStore v0.A.6
2016-03-09 19:46:43.418+0000 INFO  [o.n.k.i.DiagnosticsManager] ArrayPropertyStore v0.A.6
2016-03-09 19:46:43.418+0000 INFO  [o.n.k.i.DiagnosticsManager] PropertyStore v0.A.6
2016-03-09 19:46:43.418+0000 INFO  [o.n.k.i.DiagnosticsManager] RelationshipStore v0.A.6
2016-03-09 19:46:43.418+0000 INFO  [o.n.k.i.DiagnosticsManager] StringPropertyStore v0.A.6
2016-03-09 19:46:43.418+0000 INFO  [o.n.k.i.DiagnosticsManager] RelationshipTypeStore v0.A.6
2016-03-09 19:46:43.418+0000 INFO  [o.n.k.i.DiagnosticsManager] StringPropertyStore v0.A.6
2016-03-09 19:46:43.418+0000 INFO  [o.n.k.i.DiagnosticsManager] LabelTokenStore v0.A.6
2016-03-09 19:46:43.419+0000 INFO  [o.n.k.i.DiagnosticsManager] SchemaStore v0.A.6
2016-03-09 19:46:43.419+0000 INFO  [o.n.k.i.DiagnosticsManager] RelationshipGroupStore v0.A.6
2016-03-09 19:46:43.419+0000 INFO  [o.n.k.i.DiagnosticsManager] NeoStore v0.A.6
2016-03-09 19:46:43.419+0000 INFO  [o.n.k.i.DiagnosticsManager] --- STARTED diagnostics for NEO_STORE_VERSIONS END ---
2016-03-09 19:46:43.419+0000 INFO  [o.n.k.i.DiagnosticsManager] --- STARTED diagnostics for NEO_STORE_ID_USAGE START ---
2016-03-09 19:46:43.419+0000 INFO  [o.n.k.i.DiagnosticsManager] Id usage:
2016-03-09 19:46:43.419+0000 INFO  [o.n.k.i.DiagnosticsManager] Id usage:
2016-03-09 19:46:43.419+0000 INFO  [o.n.k.i.DiagnosticsManager]   ArrayPropertyStore v0.A.6: used=1 high=0
2016-03-09 19:46:43.420+0000 INFO  [o.n.k.i.DiagnosticsManager]   NodeStore v0.A.6: used=0 high=-1
2016-03-09 19:46:43.420+0000 INFO  [o.n.k.i.DiagnosticsManager]   StringPropertyStore v0.A.6: used=1 high=0
2016-03-09 19:46:43.420+0000 INFO  [o.n.k.i.DiagnosticsManager]   PropertyIndexStore v0.A.6: used=0 high=-1
2016-03-09 19:46:43.420+0000 INFO  [o.n.k.i.DiagnosticsManager]   StringPropertyStore v0.A.6: used=1 high=0
2016-03-09 19:46:43.420+0000 INFO  [o.n.k.i.DiagnosticsManager]   ArrayPropertyStore v0.A.6: used=1 high=0
2016-03-09 19:46:43.421+0000 INFO  [o.n.k.i.DiagnosticsManager]   PropertyStore v0.A.6: used=0 high=-1
2016-03-09 19:46:43.421+0000 INFO  [o.n.k.i.DiagnosticsManager]   RelationshipStore v0.A.6: used=0 high=-1
2016-03-09 19:46:43.421+0000 INFO  [o.n.k.i.DiagnosticsManager]   StringPropertyStore v0.A.6: used=1 high=0
2016-03-09 19:46:43.421+0000 INFO  [o.n.k.i.DiagnosticsManager]   RelationshipTypeStore v0.A.6: used=0 high=-1
2016-03-09 19:46:43.421+0000 INFO  [o.n.k.i.DiagnosticsManager]   StringPropertyStore v0.A.6: used=1 high=0
2016-03-09 19:46:43.422+0000 INFO  [o.n.k.i.DiagnosticsManager]   LabelTokenStore v0.A.6: used=0 high=-1
2016-03-09 19:46:43.422+0000 INFO  [o.n.k.i.DiagnosticsManager]   SchemaStore v0.A.6: used=1 high=0
2016-03-09 19:46:43.422+0000 INFO  [o.n.k.i.DiagnosticsManager]   RelationshipGroupStore v0.A.6: used=1 high=0
2016-03-09 19:46:43.422+0000 INFO  [o.n.k.i.DiagnosticsManager]   NeoStore v0.A.6: used=13 high=12
2016-03-09 19:46:43.422+0000 INFO  [o.n.k.i.DiagnosticsManager] --- STARTED diagnostics for NEO_STORE_ID_USAGE END ---
2016-03-09 19:46:43.422+0000 INFO  [o.n.k.i.DiagnosticsManager] --- STARTED diagnostics for NEO_STORE_RECORDS START ---
2016-03-09 19:46:43.423+0000 INFO  [o.n.k.i.DiagnosticsManager] Neostore records:
2016-03-09 19:46:43.423+0000 INFO  [o.n.k.i.DiagnosticsManager] TIME (Creation time): 1457552802092
2016-03-09 19:46:43.423+0000 INFO  [o.n.k.i.DiagnosticsManager] RANDOM_NUMBER (Random number for store id): 1977946274690558294
2016-03-09 19:46:43.423+0000 INFO  [o.n.k.i.DiagnosticsManager] LOG_VERSION (Current log version): 0
2016-03-09 19:46:43.423+0000 INFO  [o.n.k.i.DiagnosticsManager] LAST_TRANSACTION_ID (Last committed transaction): 1
2016-03-09 19:46:43.423+0000 INFO  [o.n.k.i.DiagnosticsManager] STORE_VERSION (Store format version): 15250506225055238
2016-03-09 19:46:43.423+0000 INFO  [o.n.k.i.DiagnosticsManager] FIRST_GRAPH_PROPERTY (First property record containing graph properties): -1
2016-03-09 19:46:43.423+0000 INFO  [o.n.k.i.DiagnosticsManager] LAST_CONSTRAINT_TRANSACTION (Last committed transaction containing constraint changes): 0
2016-03-09 19:46:43.424+0000 INFO  [o.n.k.i.DiagnosticsManager] UPGRADE_TRANSACTION_ID (Transaction id most recent upgrade was performed at): 1
2016-03-09 19:46:43.424+0000 INFO  [o.n.k.i.DiagnosticsManager] UPGRADE_TIME (Time of last upgrade): 1457552802092
2016-03-09 19:46:43.424+0000 INFO  [o.n.k.i.DiagnosticsManager] LAST_TRANSACTION_CHECKSUM (Checksum of last committed transaction): 0
2016-03-09 19:46:43.424+0000 INFO  [o.n.k.i.DiagnosticsManager] UPGRADE_TRANSACTION_CHECKSUM (Checksum of transaction id the most recent upgrade was performed at): 0
2016-03-09 19:46:43.424+0000 INFO  [o.n.k.i.DiagnosticsManager] LAST_CLOSED_TRANSACTION_LOG_VERSION (Log version where the last transaction commit entry has been written into): 0
2016-03-09 19:46:43.424+0000 INFO  [o.n.k.i.DiagnosticsManager] LAST_CLOSED_TRANSACTION_LOG_BYTE_OFFSET (Byte offset in the log file where the last transaction commit entry has been written into): 16
2016-03-09 19:46:43.424+0000 INFO  [o.n.k.i.DiagnosticsManager] --- STARTED diagnostics for NEO_STORE_RECORDS END ---
2016-03-09 19:46:43.424+0000 INFO  [o.n.k.i.DiagnosticsManager] --- STARTED diagnostics for TRANSACTION_RANGE START ---
2016-03-09 19:46:43.424+0000 INFO  [o.n.k.i.DiagnosticsManager] Transaction log:
2016-03-09 19:46:43.425+0000 INFO  [o.n.k.i.DiagnosticsManager] No transactions found in any log
2016-03-09 19:46:43.425+0000 INFO  [o.n.k.i.DiagnosticsManager] --- STARTED diagnostics for TRANSACTION_RANGE END ---
2016-03-09 19:46:43.425+0000 INFO  [o.n.k.i.DiagnosticsManager] --- STARTED diagnostics for KernelDiagnostics:StoreFiles START ---
2016-03-09 19:46:43.425+0000 INFO  [o.n.k.i.DiagnosticsManager] Disk space on partition (Total / Free / Free %): 120108089344 / 10411618304 / 8
Storage files: (filename : modification date - size)
2016-03-09 19:46:43.426+0000 INFO  [o.n.k.i.DiagnosticsManager]   dbms:
2016-03-09 19:46:43.426+0000 INFO  [o.n.k.i.DiagnosticsManager]     ssl:
2016-03-09 19:46:43.427+0000 INFO  [o.n.k.i.DiagnosticsManager]       snakeoil.cert: 2016-03-09T19:46:41+0000 - 630.00 B
2016-03-09 19:46:43.427+0000 INFO  [o.n.k.i.DiagnosticsManager]       snakeoil.key: 2016-03-09T19:46:41+0000 - 914.00 B
2016-03-09 19:46:43.427+0000 INFO  [o.n.k.i.DiagnosticsManager]     - Total: 2016-03-09T19:46:41+0000 - 1.51 kB
2016-03-09 19:46:43.428+0000 INFO  [o.n.k.i.DiagnosticsManager]   - Total: 2016-03-09T19:46:41+0000 - 1.51 kB
2016-03-09 19:46:43.428+0000 INFO  [o.n.k.i.DiagnosticsManager]   index:
2016-03-09 19:46:43.428+0000 INFO  [o.n.k.i.DiagnosticsManager]   - Total: 2016-03-09T19:46:42+0000 - 0.00 B
2016-03-09 19:46:43.428+0000 INFO  [o.n.k.i.DiagnosticsManager]   messages.log: 2016-03-09T19:46:43+0000 - 23.74 kB
2016-03-09 19:46:43.429+0000 INFO  [o.n.k.i.DiagnosticsManager]   neo4j.properties: 2016-03-09T19:46:40+0000 - 1.27 kB
2016-03-09 19:46:43.429+0000 INFO  [o.n.k.i.DiagnosticsManager]   neostore: 2016-03-09T19:46:42+0000 - 8.00 kB
2016-03-09 19:46:43.429+0000 INFO  [o.n.k.i.DiagnosticsManager]   neostore.counts.db.a: 2016-03-09T19:46:42+0000 - 96.00 B
2016-03-09 19:46:43.430+0000 INFO  [o.n.k.i.DiagnosticsManager]   neostore.id: 2016-03-09T19:46:42+0000 - 9.00 B
2016-03-09 19:46:43.430+0000 INFO  [o.n.k.i.DiagnosticsManager]   neostore.labeltokenstore.db: 2016-03-09T19:46:42+0000 - 0.00 B
2016-03-09 19:46:43.430+0000 INFO  [o.n.k.i.DiagnosticsManager]   neostore.labeltokenstore.db.id: 2016-03-09T19:46:42+0000 - 9.00 B
2016-03-09 19:46:43.431+0000 INFO  [o.n.k.i.DiagnosticsManager]   neostore.labeltokenstore.db.names: 2016-03-09T19:46:42+0000 - 8.00 kB
2016-03-09 19:46:43.431+0000 INFO  [o.n.k.i.DiagnosticsManager]   neostore.labeltokenstore.db.names.id: 2016-03-09T19:46:42+0000 - 9.00 B
2016-03-09 19:46:43.431+0000 INFO  [o.n.k.i.DiagnosticsManager]   neostore.nodestore.db: 2016-03-09T19:46:41+0000 - 0.00 B
2016-03-09 19:46:43.432+0000 INFO  [o.n.k.i.DiagnosticsManager]   neostore.nodestore.db.id: 2016-03-09T19:46:41+0000 - 9.00 B
2016-03-09 19:46:43.432+0000 INFO  [o.n.k.i.DiagnosticsManager]   neostore.nodestore.db.labels: 2016-03-09T19:46:41+0000 - 8.00 kB
2016-03-09 19:46:43.432+0000 INFO  [o.n.k.i.DiagnosticsManager]   neostore.nodestore.db.labels.id: 2016-03-09T19:46:41+0000 - 9.00 B
2016-03-09 19:46:43.432+0000 INFO  [o.n.k.i.DiagnosticsManager]   neostore.propertystore.db: 2016-03-09T19:46:42+0000 - 0.00 B
2016-03-09 19:46:43.433+0000 INFO  [o.n.k.i.DiagnosticsManager]   neostore.propertystore.db.arrays: 2016-03-09T19:46:42+0000 - 8.00 kB
2016-03-09 19:46:43.433+0000 INFO  [o.n.k.i.DiagnosticsManager]   neostore.propertystore.db.arrays.id: 2016-03-09T19:46:42+0000 - 9.00 B
2016-03-09 19:46:43.433+0000 INFO  [o.n.k.i.DiagnosticsManager]   neostore.propertystore.db.id: 2016-03-09T19:46:42+0000 - 9.00 B
2016-03-09 19:46:43.433+0000 INFO  [o.n.k.i.DiagnosticsManager]   neostore.propertystore.db.index: 2016-03-09T19:46:42+0000 - 0.00 B
2016-03-09 19:46:43.433+0000 INFO  [o.n.k.i.DiagnosticsManager]   neostore.propertystore.db.index.id: 2016-03-09T19:46:42+0000 - 9.00 B
2016-03-09 19:46:43.434+0000 INFO  [o.n.k.i.DiagnosticsManager]   neostore.propertystore.db.index.keys: 2016-03-09T19:46:42+0000 - 8.00 kB
2016-03-09 19:46:43.434+0000 INFO  [o.n.k.i.DiagnosticsManager]   neostore.propertystore.db.index.keys.id: 2016-03-09T19:46:42+0000 - 9.00 B
2016-03-09 19:46:43.434+0000 INFO  [o.n.k.i.DiagnosticsManager]   neostore.propertystore.db.strings: 2016-03-09T19:46:42+0000 - 8.00 kB
2016-03-09 19:46:43.434+0000 INFO  [o.n.k.i.DiagnosticsManager]   neostore.propertystore.db.strings.id: 2016-03-09T19:46:42+0000 - 9.00 B
2016-03-09 19:46:43.435+0000 INFO  [o.n.k.i.DiagnosticsManager]   neostore.relationshipgroupstore.db: 2016-03-09T19:46:42+0000 - 8.00 kB
2016-03-09 19:46:43.435+0000 INFO  [o.n.k.i.DiagnosticsManager]   neostore.relationshipgroupstore.db.id: 2016-03-09T19:46:42+0000 - 9.00 B
2016-03-09 19:46:43.435+0000 INFO  [o.n.k.i.DiagnosticsManager]   neostore.relationshipstore.db: 2016-03-09T19:46:42+0000 - 0.00 B
2016-03-09 19:46:43.436+0000 INFO  [o.n.k.i.DiagnosticsManager]   neostore.relationshipstore.db.id: 2016-03-09T19:46:42+0000 - 9.00 B
2016-03-09 19:46:43.436+0000 INFO  [o.n.k.i.DiagnosticsManager]   neostore.relationshiptypestore.db: 2016-03-09T19:46:42+0000 - 0.00 B
2016-03-09 19:46:43.436+0000 INFO  [o.n.k.i.DiagnosticsManager]   neostore.relationshiptypestore.db.id: 2016-03-09T19:46:42+0000 - 9.00 B
2016-03-09 19:46:43.437+0000 INFO  [o.n.k.i.DiagnosticsManager]   neostore.relationshiptypestore.db.names: 2016-03-09T19:46:42+0000 - 8.00 kB
2016-03-09 19:46:43.437+0000 INFO  [o.n.k.i.DiagnosticsManager]   neostore.relationshiptypestore.db.names.id: 2016-03-09T19:46:42+0000 - 9.00 B
2016-03-09 19:46:43.437+0000 INFO  [o.n.k.i.DiagnosticsManager]   neostore.schemastore.db: 2016-03-09T19:46:42+0000 - 8.00 kB
2016-03-09 19:46:43.437+0000 INFO  [o.n.k.i.DiagnosticsManager]   neostore.schemastore.db.id: 2016-03-09T19:46:42+0000 - 9.00 B
2016-03-09 19:46:43.438+0000 INFO  [o.n.k.i.DiagnosticsManager]   neostore.transaction.db.0: 2016-03-09T19:46:42+0000 - 16.00 B
2016-03-09 19:46:43.438+0000 INFO  [o.n.k.i.DiagnosticsManager]   schema:
2016-03-09 19:46:43.438+0000 INFO  [o.n.k.i.DiagnosticsManager]     label:
2016-03-09 19:46:43.438+0000 INFO  [o.n.k.i.DiagnosticsManager]       lucene:
2016-03-09 19:46:43.438+0000 INFO  [o.n.k.i.DiagnosticsManager]         write.lock: 2016-03-09T19:46:42+0000 - 0.00 B
2016-03-09 19:46:43.438+0000 INFO  [o.n.k.i.DiagnosticsManager]       - Total: 2016-03-09T19:46:42+0000 - 0.00 B
2016-03-09 19:46:43.439+0000 INFO  [o.n.k.i.DiagnosticsManager]     - Total: 2016-03-09T19:46:42+0000 - 0.00 B
2016-03-09 19:46:43.439+0000 INFO  [o.n.k.i.DiagnosticsManager]   - Total: 2016-03-09T19:46:42+0000 - 0.00 B
2016-03-09 19:46:43.439+0000 INFO  [o.n.k.i.DiagnosticsManager]   store_lock: 2016-03-09T19:46:41+0000 - 0.00 B
2016-03-09 19:46:43.439+0000 INFO  [o.n.k.i.DiagnosticsManager] --- STARTED diagnostics for KernelDiagnostics:StoreFiles END ---
2016-03-09 19:46:45.028+0000 INFO  [o.n.k.i.DiagnosticsManager] --- SERVER STARTED START ---
2016-03-09 19:46:46.561+0000 INFO  [o.n.k.i.DiagnosticsManager] --- SERVER STARTED END ---
2016-03-09 19:46:54.861+0000 INFO  [o.n.k.i.f.GraphDatabaseFacade] Shutdown started
2016-03-09 19:46:54.861+0000 INFO  [o.n.k.i.f.CommunityFacadeFactory] Database is now unavailable
2016-03-09 19:46:54.867+0000 INFO  [o.n.k.i.t.l.c.CheckPointerImpl] Check Pointing triggered by database shutdown [1]:  Starting check pointing...
2016-03-09 19:46:54.867+0000 INFO  [o.n.k.i.t.l.c.CheckPointerImpl] Check Pointing triggered by database shutdown [1]:  Starting store flush...
2016-03-09 19:46:54.867+0000 INFO  [o.n.k.i.t.l.c.CheckPointerImpl] Check Pointing triggered by database shutdown [1]:  Store flush completed
2016-03-09 19:46:54.867+0000 INFO  [o.n.k.i.t.l.c.CheckPointerImpl] Check Pointing triggered by database shutdown [1]:  Starting appending check point entry into the tx log...
2016-03-09 19:46:54.886+0000 INFO  [o.n.k.i.t.l.c.CheckPointerImpl] Check Pointing triggered by database shutdown [1]:  Appending check point entry into the tx log completed
2016-03-09 19:46:54.886+0000 INFO  [o.n.k.i.t.l.c.CheckPointerImpl] Check Pointing triggered by database shutdown [1]:  Check pointing completed
2016-03-09 19:46:54.887+0000 INFO  [o.n.k.i.t.l.p.LogPruningImpl] Log Rotation [0]:  Starting log pruning.
2016-03-09 19:46:54.887+0000 INFO  [o.n.k.i.t.l.p.LogPruningImpl] Log Rotation [0]:  Log pruning complete.
2016-03-09 19:46:54.896+0000 INFO  [o.n.k.NeoStoreDataSource] NeoStores closed
2016-03-09 19:46:54.896+0000 INFO  [o.n.k.i.DiagnosticsManager] --- STOPPING diagnostics START ---
2016-03-09 19:46:54.896+0000 INFO  [o.n.k.i.DiagnosticsManager] --- STOPPING diagnostics END ---
2016-03-24 23:26:56.373+0000 INFO  [o.n.k.i.f.CommunityFacadeFactory] No locking implementation specified, defaulting to 'community'
2016-03-24 23:26:56.440+0000 INFO  [o.n.k.AvailabilityGuard] Requirement makes database unavailable: Database available
2016-03-24 23:26:56.446+0000 INFO  [o.n.k.i.DiagnosticsManager] --- INITIALIZED diagnostics START ---
2016-03-24 23:26:56.446+0000 INFO  [o.n.k.i.DiagnosticsManager] Neo4j Kernel properties:
2016-03-24 23:26:56.446+0000 INFO  [o.n.k.i.DiagnosticsManager] org.neo4j.server.db.tuning.properties=/Users/JasonMcTigue/Documents/GraphTheory/project-template-master/constituencies.graphdb/neo4j.properties
2016-03-24 23:26:56.446+0000 INFO  [o.n.k.i.DiagnosticsManager] org.neo4j.server.database.location=/Users/JasonMcTigue/Documents/GraphTheory/project-template-master/constituencies.graphdb
2016-03-24 23:26:56.446+0000 INFO  [o.n.k.i.DiagnosticsManager] dbms.querylog.filename=data/log/queries.log
2016-03-24 23:26:56.446+0000 INFO  [o.n.k.i.DiagnosticsManager] dbms.security.auth_store.location=/Users/JasonMcTigue/Documents/GraphTheory/project-template-master/constituencies.graphdb/./dbms/auth
2016-03-24 23:26:56.447+0000 INFO  [o.n.k.i.DiagnosticsManager] dbms.security.tls_certificate_file=/Users/JasonMcTigue/Documents/GraphTheory/project-template-master/constituencies.graphdb/./dbms/ssl/snakeoil.cert
2016-03-24 23:26:56.447+0000 INFO  [o.n.k.i.DiagnosticsManager] remote_shell_enabled=true
2016-03-24 23:26:56.447+0000 INFO  [o.n.k.i.DiagnosticsManager] edition=Community
2016-03-24 23:26:56.447+0000 INFO  [o.n.k.i.DiagnosticsManager] dbms.security.tls_key_file=/Users/JasonMcTigue/Documents/GraphTheory/project-template-master/constituencies.graphdb/./dbms/ssl/snakeoil.key
2016-03-24 23:26:56.447+0000 INFO  [o.n.k.i.DiagnosticsManager] Diagnostics providers:
2016-03-24 23:26:56.447+0000 INFO  [o.n.k.i.DiagnosticsManager] org.neo4j.kernel.configuration.Config
2016-03-24 23:26:56.447+0000 INFO  [o.n.k.i.DiagnosticsManager] org.neo4j.kernel.info.DiagnosticsManager
2016-03-24 23:26:56.447+0000 INFO  [o.n.k.i.DiagnosticsManager] SYSTEM_MEMORY
2016-03-24 23:26:56.447+0000 INFO  [o.n.k.i.DiagnosticsManager] JAVA_MEMORY
2016-03-24 23:26:56.447+0000 INFO  [o.n.k.i.DiagnosticsManager] OPERATING_SYSTEM
2016-03-24 23:26:56.447+0000 INFO  [o.n.k.i.DiagnosticsManager] JAVA_VIRTUAL_MACHINE
2016-03-24 23:26:56.447+0000 INFO  [o.n.k.i.DiagnosticsManager] CLASSPATH
2016-03-24 23:26:56.447+0000 INFO  [o.n.k.i.DiagnosticsManager] LIBRARY_PATH
2016-03-24 23:26:56.447+0000 INFO  [o.n.k.i.DiagnosticsManager] SYSTEM_PROPERTIES
2016-03-24 23:26:56.447+0000 INFO  [o.n.k.i.DiagnosticsManager] NETWORK
2016-03-24 23:26:56.448+0000 INFO  [o.n.k.i.DiagnosticsManager] System memory information:
2016-03-24 23:26:56.449+0000 INFO  [o.n.k.i.DiagnosticsManager] Total Physical memory: 16.00 GB
2016-03-24 23:26:56.451+0000 INFO  [o.n.k.i.DiagnosticsManager] Free Physical memory: 3.48 GB
2016-03-24 23:26:56.452+0000 INFO  [o.n.k.i.DiagnosticsManager] Committed virtual memory: 6.93 GB
2016-03-24 23:26:56.454+0000 INFO  [o.n.k.i.DiagnosticsManager] Total swap space: 0.00 B
2016-03-24 23:26:56.455+0000 INFO  [o.n.k.i.DiagnosticsManager] Free swap space: 0.00 B
2016-03-24 23:26:56.455+0000 INFO  [o.n.k.i.DiagnosticsManager] JVM memory information:
2016-03-24 23:26:56.455+0000 INFO  [o.n.k.i.DiagnosticsManager] Free  memory: 173.97 MB
2016-03-24 23:26:56.455+0000 INFO  [o.n.k.i.DiagnosticsManager] Total memory: 245.50 MB
2016-03-24 23:26:56.455+0000 INFO  [o.n.k.i.DiagnosticsManager] Max   memory: 3.56 GB
2016-03-24 23:26:56.459+0000 INFO  [o.n.k.i.DiagnosticsManager] Garbage Collector: PS Scavenge: [PS Eden Space, PS Survivor Space]
2016-03-24 23:26:56.459+0000 INFO  [o.n.k.i.DiagnosticsManager] Garbage Collector: PS MarkSweep: [PS Eden Space, PS Survivor Space, PS Old Gen, PS Perm Gen]
2016-03-24 23:26:56.462+0000 INFO  [o.n.k.i.DiagnosticsManager] Memory Pool: Code Cache (Non-heap memory): committed=2.44 MB, used=866.81 kB, max=48.00 MB, threshold=0.00 B
2016-03-24 23:26:56.462+0000 INFO  [o.n.k.i.DiagnosticsManager] Memory Pool: PS Eden Space (Heap memory): committed=64.50 MB, used=30.28 MB, max=1.31 GB, threshold=?
2016-03-24 23:26:56.463+0000 INFO  [o.n.k.i.DiagnosticsManager] Memory Pool: PS Survivor Space (Heap memory): committed=10.50 MB, used=10.50 MB, max=10.50 MB, threshold=?
2016-03-24 23:26:56.463+0000 INFO  [o.n.k.i.DiagnosticsManager] Memory Pool: PS Old Gen (Heap memory): committed=170.50 MB, used=30.76 MB, max=2.67 GB, threshold=0.00 B
2016-03-24 23:26:56.464+0000 INFO  [o.n.k.i.DiagnosticsManager] Memory Pool: PS Perm Gen (Non-heap memory): committed=21.00 MB, used=18.41 MB, max=82.00 MB, threshold=0.00 B
2016-03-24 23:26:56.464+0000 INFO  [o.n.k.i.DiagnosticsManager] Operating system information:
2016-03-24 23:26:56.466+0000 INFO  [o.n.k.i.DiagnosticsManager] Operating System: Mac OS X; version: 10.11.3; arch: x86_64; cpus: 4
2016-03-24 23:26:56.468+0000 INFO  [o.n.k.i.DiagnosticsManager] Max number of file descriptors: 10.00 kB
2016-03-24 23:26:56.469+0000 INFO  [o.n.k.i.DiagnosticsManager] Number of open file descriptors: 36.00 B
2016-03-24 23:26:56.478+0000 INFO  [o.n.k.i.DiagnosticsManager] Process id: 2455@Jasons-MacBook-Pro.local
2016-03-24 23:26:56.478+0000 INFO  [o.n.k.i.DiagnosticsManager] Byte order: LITTLE_ENDIAN
2016-03-24 23:26:56.478+0000 INFO  [o.n.k.i.DiagnosticsManager] Local timezone: Europe/Dublin
2016-03-24 23:26:56.478+0000 INFO  [o.n.k.i.DiagnosticsManager] JVM information:
2016-03-24 23:26:56.478+0000 INFO  [o.n.k.i.DiagnosticsManager] VM Name: Java HotSpot(TM) 64-Bit Server VM
2016-03-24 23:26:56.479+0000 INFO  [o.n.k.i.DiagnosticsManager] VM Vendor: Oracle Corporation
2016-03-24 23:26:56.479+0000 INFO  [o.n.k.i.DiagnosticsManager] VM Version: 24.80-b11
2016-03-24 23:26:56.479+0000 INFO  [o.n.k.i.DiagnosticsManager] JIT compiler: HotSpot 64-Bit Tiered Compilers
2016-03-24 23:26:56.480+0000 INFO  [o.n.k.i.DiagnosticsManager] VM Arguments: [-Dfile.encoding=UTF-8, -Dinstall4j.launcherId=24, -Dinstall4j.swt=false, -Dexe4j.moduleName=/Applications/Neo4j Community Edition.app, -Di4j.ownBundlePath=/Applications/Neo4j Community Edition.app, -Di4j.jreBundle=/Applications/Neo4j Community Edition.app/Contents/Resources/jre.bundle]
2016-03-24 23:26:56.480+0000 INFO  [o.n.k.i.DiagnosticsManager] Java classpath:
2016-03-24 23:26:56.481+0000 INFO  [o.n.k.i.DiagnosticsManager]  [loader.1] file:/Applications/Neo4j%20Community%20Edition.app/Contents/Resources/jre.bundle/Contents/Home/jre/lib/ext/localedata.jar
2016-03-24 23:26:56.481+0000 INFO  [o.n.k.i.DiagnosticsManager]  [bootstrap] /Applications/Neo4j Community Edition.app/Contents/Resources/jre.bundle/Contents/Home/jre/lib/sunrsasign.jar
2016-03-24 23:26:56.481+0000 INFO  [o.n.k.i.DiagnosticsManager]  [bootstrap] /Applications/Neo4j Community Edition.app/Contents/Resources/jre.bundle/Contents/Home/jre/lib/jce.jar
2016-03-24 23:26:56.481+0000 INFO  [o.n.k.i.DiagnosticsManager]  [loader.0] file:/Applications/Neo4j%20Community%20Edition.app/Contents/Resources/app/.install4j/i4jruntime.jar
2016-03-24 23:26:56.481+0000 INFO  [o.n.k.i.DiagnosticsManager]  [bootstrap] /Applications/Neo4j Community Edition.app/Contents/Resources/jre.bundle/Contents/Home/jre/lib/rt.jar
2016-03-24 23:26:56.481+0000 INFO  [o.n.k.i.DiagnosticsManager]  [loader.0] file:/Applications/Neo4j%20Community%20Edition.app/Contents/Resources/app/bin/neo4j-desktop-2.3.2.jar
2016-03-24 23:26:56.481+0000 INFO  [o.n.k.i.DiagnosticsManager]  [loader.1] file:/System/Library/Java/Extensions/MRJToolkit.jar
2016-03-24 23:26:56.482+0000 INFO  [o.n.k.i.DiagnosticsManager]  [loader.1] file:/Applications/Neo4j%20Community%20Edition.app/Contents/Resources/jre.bundle/Contents/Home/jre/lib/ext/sunjce_provider.jar
2016-03-24 23:26:56.482+0000 INFO  [o.n.k.i.DiagnosticsManager]  [loader.1] file:/Applications/Neo4j%20Community%20Edition.app/Contents/Resources/jre.bundle/Contents/Home/jre/lib/ext/dnsns.jar
2016-03-24 23:26:56.482+0000 INFO  [o.n.k.i.DiagnosticsManager]  [classpath] /Applications/Neo4j Community Edition.app/Contents/Resources/app/bin/neo4j-desktop-2.3.2.jar
2016-03-24 23:26:56.482+0000 INFO  [o.n.k.i.DiagnosticsManager]  [loader.1] file:/Applications/Neo4j%20Community%20Edition.app/Contents/Resources/jre.bundle/Contents/Home/jre/lib/ext/sunec.jar
2016-03-24 23:26:56.482+0000 INFO  [o.n.k.i.DiagnosticsManager]  [loader.1] file:/Applications/Neo4j%20Community%20Edition.app/Contents/Resources/jre.bundle/Contents/Home/jre/lib/ext/zipfs.jar
2016-03-24 23:26:56.482+0000 INFO  [o.n.k.i.DiagnosticsManager]  [loader.1] file:/Applications/Neo4j%20Community%20Edition.app/Contents/Resources/jre.bundle/Contents/Home/jre/lib/ext/sunpkcs11.jar
2016-03-24 23:26:56.482+0000 INFO  [o.n.k.i.DiagnosticsManager]  [classpath] /Applications/Neo4j Community Edition.app/Contents/Resources/app/.install4j/i4jruntime.jar
2016-03-24 23:26:56.482+0000 INFO  [o.n.k.i.DiagnosticsManager]  [bootstrap] /Applications/Neo4j Community Edition.app/Contents/Resources/jre.bundle/Contents/Home/jre/classes
2016-03-24 23:26:56.482+0000 INFO  [o.n.k.i.DiagnosticsManager]  [bootstrap] /Applications/Neo4j Community Edition.app/Contents/Resources/jre.bundle/Contents/Home/jre/lib/jsse.jar
2016-03-24 23:26:56.482+0000 INFO  [o.n.k.i.DiagnosticsManager]  [bootstrap] /Applications/Neo4j Community Edition.app/Contents/Resources/jre.bundle/Contents/Home/jre/lib/charsets.jar
2016-03-24 23:26:56.482+0000 INFO  [o.n.k.i.DiagnosticsManager]  [bootstrap] /Applications/Neo4j Community Edition.app/Contents/Resources/jre.bundle/Contents/Home/jre/lib/resources.jar
2016-03-24 23:26:56.482+0000 INFO  [o.n.k.i.DiagnosticsManager]  [bootstrap] /Applications/Neo4j Community Edition.app/Contents/Resources/jre.bundle/Contents/Home/jre/lib/jfr.jar
2016-03-24 23:26:56.482+0000 INFO  [o.n.k.i.DiagnosticsManager] Library path:
2016-03-24 23:26:56.482+0000 INFO  [o.n.k.i.DiagnosticsManager] /Users/JasonMcTigue/Library/Java/Extensions
2016-03-24 23:26:56.482+0000 INFO  [o.n.k.i.DiagnosticsManager] /Library/Java/Extensions
2016-03-24 23:26:56.482+0000 INFO  [o.n.k.i.DiagnosticsManager] /Network/Library/Java/Extensions
2016-03-24 23:26:56.483+0000 INFO  [o.n.k.i.DiagnosticsManager] /System/Library/Java/Extensions
2016-03-24 23:26:56.483+0000 INFO  [o.n.k.i.DiagnosticsManager] /usr/lib/java
2016-03-24 23:26:56.483+0000 INFO  [o.n.k.i.DiagnosticsManager] /Applications/Neo4j Community Edition.app/Contents/Resources/app/bin
2016-03-24 23:26:56.483+0000 INFO  [o.n.k.i.DiagnosticsManager] System.properties:
2016-03-24 23:26:56.483+0000 INFO  [o.n.k.i.DiagnosticsManager] exe4j.moduleName = /Applications/Neo4j Community Edition.app
2016-03-24 23:26:56.483+0000 INFO  [o.n.k.i.DiagnosticsManager] sun.boot.library.path = /Applications/Neo4j Community Edition.app/Contents/Resources/jre.bundle/Contents/Home/jre/lib
2016-03-24 23:26:56.483+0000 INFO  [o.n.k.i.DiagnosticsManager] user.country.format = IE
2016-03-24 23:26:56.483+0000 INFO  [o.n.k.i.DiagnosticsManager] i4j.jreBundle = /Applications/Neo4j Community Edition.app/Contents/Resources/jre.bundle
2016-03-24 23:26:56.483+0000 INFO  [o.n.k.i.DiagnosticsManager] gopherProxySet = false
2016-03-24 23:26:56.483+0000 INFO  [o.n.k.i.DiagnosticsManager] path.separator = :
2016-03-24 23:26:56.483+0000 INFO  [o.n.k.i.DiagnosticsManager] file.encoding.pkg = sun.io
2016-03-24 23:26:56.483+0000 INFO  [o.n.k.i.DiagnosticsManager] user.country = US
2016-03-24 23:26:56.483+0000 INFO  [o.n.k.i.DiagnosticsManager] sun.java.launcher = SUN_STANDARD
2016-03-24 23:26:56.483+0000 INFO  [o.n.k.i.DiagnosticsManager] sun.os.patch.level = unknown
2016-03-24 23:26:56.483+0000 INFO  [o.n.k.i.DiagnosticsManager] install4j.exeDir = /Applications/
2016-03-24 23:26:56.483+0000 INFO  [o.n.k.i.DiagnosticsManager] user.dir = /Applications/Neo4j Community Edition.app/Contents/Resources/app/bin
2016-03-24 23:26:56.483+0000 INFO  [o.n.k.i.DiagnosticsManager] neo4j.ext.udc.source = desktop
2016-03-24 23:26:56.483+0000 INFO  [o.n.k.i.DiagnosticsManager] i4j.ownBundlePath = /Applications/Neo4j Community Edition.app
2016-03-24 23:26:56.484+0000 INFO  [o.n.k.i.DiagnosticsManager] sun.jnu.encoding = UTF-8
2016-03-24 23:26:56.484+0000 INFO  [o.n.k.i.DiagnosticsManager] sun.awt.enableExtraMouseButtons = true
2016-03-24 23:26:56.484+0000 INFO  [o.n.k.i.DiagnosticsManager] install4j.launcherId = 24
2016-03-24 23:26:56.484+0000 INFO  [o.n.k.i.DiagnosticsManager] sun.management.compiler = HotSpot 64-Bit Tiered Compilers
2016-03-24 23:26:56.484+0000 INFO  [o.n.k.i.DiagnosticsManager] install4j.swt = false
2016-03-24 23:26:56.484+0000 INFO  [o.n.k.i.DiagnosticsManager] apple.awt.fileDialogForDirectories = false
2016-03-24 23:26:56.484+0000 INFO  [o.n.k.i.DiagnosticsManager] user.home = /Users/JasonMcTigue
2016-03-24 23:26:56.484+0000 INFO  [o.n.k.i.DiagnosticsManager] user.timezone = Europe/Dublin
2016-03-24 23:26:56.484+0000 INFO  [o.n.k.i.DiagnosticsManager] file.encoding = UTF-8
2016-03-24 23:26:56.484+0000 INFO  [o.n.k.i.DiagnosticsManager] user.name = JasonMcTigue
2016-03-24 23:26:56.484+0000 INFO  [o.n.k.i.DiagnosticsManager] sun.java.command = com.install4j.runtime.launcher.MacLauncher
2016-03-24 23:26:56.484+0000 INFO  [o.n.k.i.DiagnosticsManager] sun.arch.data.model = 64
2016-03-24 23:26:56.484+0000 INFO  [o.n.k.i.DiagnosticsManager] user.language = en
2016-03-24 23:26:56.484+0000 INFO  [o.n.k.i.DiagnosticsManager] awt.toolkit = sun.lwawt.macosx.LWCToolkit
2016-03-24 23:26:56.484+0000 INFO  [o.n.k.i.DiagnosticsManager] install4j.appDir = /Applications/Neo4j Community Edition.app/Contents/Resources/app/
2016-03-24 23:26:56.484+0000 INFO  [o.n.k.i.DiagnosticsManager] file.separator = /
2016-03-24 23:26:56.484+0000 INFO  [o.n.k.i.DiagnosticsManager] sun.font.fontmanager = sun.font.CFontManager
2016-03-24 23:26:56.484+0000 INFO  [o.n.k.i.DiagnosticsManager] sun.io.unicode.encoding = UnicodeBig
2016-03-24 23:26:56.485+0000 INFO  [o.n.k.i.DiagnosticsManager] sun.cpu.endian = little
2016-03-24 23:26:56.485+0000 INFO  [o.n.k.i.DiagnosticsManager] sun.cpu.isalist = 
2016-03-24 23:26:56.485+0000 INFO  [o.n.k.i.DiagnosticsManager] Network information:
2016-03-24 23:26:56.492+0000 INFO  [o.n.k.i.DiagnosticsManager] Interface awdl0:
2016-03-24 23:26:56.492+0000 INFO  [o.n.k.i.DiagnosticsManager]     address: fe80:0:0:0:f84e:2eff:fe09:7979%8
2016-03-24 23:26:56.493+0000 INFO  [o.n.k.i.DiagnosticsManager] Interface en0:
2016-03-24 23:26:56.493+0000 INFO  [o.n.k.i.DiagnosticsManager]     address: fe80:0:0:0:a299:9bff:fe05:5705%4
2016-03-24 23:26:56.493+0000 INFO  [o.n.k.i.DiagnosticsManager]     address: 192.168.1.2
2016-03-24 23:26:56.493+0000 INFO  [o.n.k.i.DiagnosticsManager] Interface lo0:
2016-03-24 23:26:56.493+0000 INFO  [o.n.k.i.DiagnosticsManager]     address: fe80:0:0:0:0:0:0:1%1
2016-03-24 23:26:56.493+0000 INFO  [o.n.k.i.DiagnosticsManager]     address: 0:0:0:0:0:0:0:1
2016-03-24 23:26:56.493+0000 INFO  [o.n.k.i.DiagnosticsManager]     address: 127.0.0.1
2016-03-24 23:26:56.493+0000 INFO  [o.n.k.i.DiagnosticsManager] --- INITIALIZED diagnostics END ---
2016-03-24 23:26:56.928+0000 INFO  [o.n.k.KernelHealth] Kernel health set to OK
2016-03-24 23:26:57.709+0000 INFO  [o.n.k.AvailabilityGuard] Fulfilling of requirement makes database available: Database available
2016-03-24 23:26:57.709+0000 INFO  [o.n.k.i.f.CommunityFacadeFactory] Database is now ready
2016-03-24 23:26:57.711+0000 INFO  [o.n.k.i.DiagnosticsManager] --- STARTED diagnostics for KernelDiagnostics:Versions START ---
2016-03-24 23:26:57.711+0000 INFO  [o.n.k.i.DiagnosticsManager] Graph Database: Community StoreId{creationTime=1457552802092, randomId=1977946274690558294, storeVersion=15250506225055238, upgradeTime=1457552802092, upgradeId=1}
2016-03-24 23:26:57.711+0000 INFO  [o.n.k.i.DiagnosticsManager] Kernel version: 2.3.2
2016-03-24 23:26:57.711+0000 INFO  [o.n.k.i.DiagnosticsManager] --- STARTED diagnostics for KernelDiagnostics:Versions END ---
2016-03-24 23:26:57.713+0000 INFO  [o.n.k.i.DiagnosticsManager] --- STARTED diagnostics for NEO_STORE_VERSIONS START ---
2016-03-24 23:26:57.713+0000 INFO  [o.n.k.i.DiagnosticsManager] Store versions:
2016-03-24 23:26:57.713+0000 INFO  [o.n.k.i.DiagnosticsManager] Store versions:
2016-03-24 23:26:57.713+0000 INFO  [o.n.k.i.DiagnosticsManager] ArrayPropertyStore v0.A.6
2016-03-24 23:26:57.713+0000 INFO  [o.n.k.i.DiagnosticsManager] NodeStore v0.A.6
2016-03-24 23:26:57.713+0000 INFO  [o.n.k.i.DiagnosticsManager] StringPropertyStore v0.A.6
2016-03-24 23:26:57.713+0000 INFO  [o.n.k.i.DiagnosticsManager] PropertyIndexStore v0.A.6
2016-03-24 23:26:57.713+0000 INFO  [o.n.k.i.DiagnosticsManager] StringPropertyStore v0.A.6
2016-03-24 23:26:57.713+0000 INFO  [o.n.k.i.DiagnosticsManager] ArrayPropertyStore v0.A.6
2016-03-24 23:26:57.713+0000 INFO  [o.n.k.i.DiagnosticsManager] PropertyStore v0.A.6
2016-03-24 23:26:57.713+0000 INFO  [o.n.k.i.DiagnosticsManager] RelationshipStore v0.A.6
2016-03-24 23:26:57.713+0000 INFO  [o.n.k.i.DiagnosticsManager] StringPropertyStore v0.A.6
2016-03-24 23:26:57.713+0000 INFO  [o.n.k.i.DiagnosticsManager] RelationshipTypeStore v0.A.6
2016-03-24 23:26:57.713+0000 INFO  [o.n.k.i.DiagnosticsManager] StringPropertyStore v0.A.6
2016-03-24 23:26:57.714+0000 INFO  [o.n.k.i.DiagnosticsManager] LabelTokenStore v0.A.6
2016-03-24 23:26:57.714+0000 INFO  [o.n.k.i.DiagnosticsManager] SchemaStore v0.A.6
2016-03-24 23:26:57.714+0000 INFO  [o.n.k.i.DiagnosticsManager] RelationshipGroupStore v0.A.6
2016-03-24 23:26:57.714+0000 INFO  [o.n.k.i.DiagnosticsManager] NeoStore v0.A.6
2016-03-24 23:26:57.714+0000 INFO  [o.n.k.i.DiagnosticsManager] --- STARTED diagnostics for NEO_STORE_VERSIONS END ---
2016-03-24 23:26:57.714+0000 INFO  [o.n.k.i.DiagnosticsManager] --- STARTED diagnostics for NEO_STORE_ID_USAGE START ---
2016-03-24 23:26:57.714+0000 INFO  [o.n.k.i.DiagnosticsManager] Id usage:
2016-03-24 23:26:57.714+0000 INFO  [o.n.k.i.DiagnosticsManager] Id usage:
2016-03-24 23:26:57.714+0000 INFO  [o.n.k.i.DiagnosticsManager]   ArrayPropertyStore v0.A.6: used=1 high=0
2016-03-24 23:26:57.714+0000 INFO  [o.n.k.i.DiagnosticsManager]   NodeStore v0.A.6: used=0 high=-1
2016-03-24 23:26:57.714+0000 INFO  [o.n.k.i.DiagnosticsManager]   StringPropertyStore v0.A.6: used=1 high=0
2016-03-24 23:26:57.715+0000 INFO  [o.n.k.i.DiagnosticsManager]   PropertyIndexStore v0.A.6: used=0 high=-1
2016-03-24 23:26:57.715+0000 INFO  [o.n.k.i.DiagnosticsManager]   StringPropertyStore v0.A.6: used=1 high=0
2016-03-24 23:26:57.715+0000 INFO  [o.n.k.i.DiagnosticsManager]   ArrayPropertyStore v0.A.6: used=1 high=0
2016-03-24 23:26:57.715+0000 INFO  [o.n.k.i.DiagnosticsManager]   PropertyStore v0.A.6: used=0 high=-1
2016-03-24 23:26:57.715+0000 INFO  [o.n.k.i.DiagnosticsManager]   RelationshipStore v0.A.6: used=0 high=-1
2016-03-24 23:26:57.715+0000 INFO  [o.n.k.i.DiagnosticsManager]   StringPropertyStore v0.A.6: used=1 high=0
2016-03-24 23:26:57.715+0000 INFO  [o.n.k.i.DiagnosticsManager]   RelationshipTypeStore v0.A.6: used=0 high=-1
2016-03-24 23:26:57.716+0000 INFO  [o.n.k.i.DiagnosticsManager]   StringPropertyStore v0.A.6: used=1 high=0
2016-03-24 23:26:57.716+0000 INFO  [o.n.k.i.DiagnosticsManager]   LabelTokenStore v0.A.6: used=0 high=-1
2016-03-24 23:26:57.716+0000 INFO  [o.n.k.i.DiagnosticsManager]   SchemaStore v0.A.6: used=1 high=0
2016-03-24 23:26:57.716+0000 INFO  [o.n.k.i.DiagnosticsManager]   RelationshipGroupStore v0.A.6: used=1 high=0
2016-03-24 23:26:57.716+0000 INFO  [o.n.k.i.DiagnosticsManager]   NeoStore v0.A.6: used=13 high=12
2016-03-24 23:26:57.716+0000 INFO  [o.n.k.i.DiagnosticsManager] --- STARTED diagnostics for NEO_STORE_ID_USAGE END ---
2016-03-24 23:26:57.716+0000 INFO  [o.n.k.i.DiagnosticsManager] --- STARTED diagnostics for NEO_STORE_RECORDS START ---
2016-03-24 23:26:57.716+0000 INFO  [o.n.k.i.DiagnosticsManager] Neostore records:
2016-03-24 23:26:57.717+0000 INFO  [o.n.k.i.DiagnosticsManager] TIME (Creation time): 1457552802092
2016-03-24 23:26:57.717+0000 INFO  [o.n.k.i.DiagnosticsManager] RANDOM_NUMBER (Random number for store id): 1977946274690558294
2016-03-24 23:26:57.717+0000 INFO  [o.n.k.i.DiagnosticsManager] LOG_VERSION (Current log version): 0
2016-03-24 23:26:57.717+0000 INFO  [o.n.k.i.DiagnosticsManager] LAST_TRANSACTION_ID (Last committed transaction): 1
2016-03-24 23:26:57.717+0000 INFO  [o.n.k.i.DiagnosticsManager] STORE_VERSION (Store format version): 15250506225055238
2016-03-24 23:26:57.717+0000 INFO  [o.n.k.i.DiagnosticsManager] FIRST_GRAPH_PROPERTY (First property record containing graph properties): -1
2016-03-24 23:26:57.717+0000 INFO  [o.n.k.i.DiagnosticsManager] LAST_CONSTRAINT_TRANSACTION (Last committed transaction containing constraint changes): 0
2016-03-24 23:26:57.717+0000 INFO  [o.n.k.i.DiagnosticsManager] UPGRADE_TRANSACTION_ID (Transaction id most recent upgrade was performed at): 1
2016-03-24 23:26:57.717+0000 INFO  [o.n.k.i.DiagnosticsManager] UPGRADE_TIME (Time of last upgrade): 1457552802092
2016-03-24 23:26:57.717+0000 INFO  [o.n.k.i.DiagnosticsManager] LAST_TRANSACTION_CHECKSUM (Checksum of last committed transaction): 0
2016-03-24 23:26:57.718+0000 INFO  [o.n.k.i.DiagnosticsManager] UPGRADE_TRANSACTION_CHECKSUM (Checksum of transaction id the most recent upgrade was performed at): 0
2016-03-24 23:26:57.718+0000 INFO  [o.n.k.i.DiagnosticsManager] LAST_CLOSED_TRANSACTION_LOG_VERSION (Log version where the last transaction commit entry has been written into): 0
2016-03-24 23:26:57.718+0000 INFO  [o.n.k.i.DiagnosticsManager] LAST_CLOSED_TRANSACTION_LOG_BYTE_OFFSET (Byte offset in the log file where the last transaction commit entry has been written into): 16
2016-03-24 23:26:57.718+0000 INFO  [o.n.k.i.DiagnosticsManager] --- STARTED diagnostics for NEO_STORE_RECORDS END ---
2016-03-24 23:26:57.718+0000 INFO  [o.n.k.i.DiagnosticsManager] --- STARTED diagnostics for TRANSACTION_RANGE START ---
2016-03-24 23:26:57.718+0000 INFO  [o.n.k.i.DiagnosticsManager] Transaction log:
2016-03-24 23:26:57.719+0000 INFO  [o.n.k.i.DiagnosticsManager] Oldest transaction 2 found in log with version 0
2016-03-24 23:26:57.719+0000 INFO  [o.n.k.i.DiagnosticsManager] --- STARTED diagnostics for TRANSACTION_RANGE END ---
2016-03-24 23:26:57.719+0000 INFO  [o.n.k.i.DiagnosticsManager] --- STARTED diagnostics for KernelDiagnostics:StoreFiles START ---
2016-03-24 23:26:57.719+0000 INFO  [o.n.k.i.DiagnosticsManager] Disk space on partition (Total / Free / Free %): 120124866560 / 27033305088 / 22
Storage files: (filename : modification date - size)
2016-03-24 23:26:57.720+0000 INFO  [o.n.k.i.DiagnosticsManager]   dbms:
2016-03-24 23:26:57.720+0000 INFO  [o.n.k.i.DiagnosticsManager]     auth: 2016-03-24T14:15:05+0000 - 137.00 B
2016-03-24 23:26:57.720+0000 INFO  [o.n.k.i.DiagnosticsManager]     ssl:
2016-03-24 23:26:57.721+0000 INFO  [o.n.k.i.DiagnosticsManager]       snakeoil.cert: 2016-03-24T14:15:05+0000 - 630.00 B
2016-03-24 23:26:57.721+0000 INFO  [o.n.k.i.DiagnosticsManager]       snakeoil.key: 2016-03-24T14:15:05+0000 - 914.00 B
2016-03-24 23:26:57.721+0000 INFO  [o.n.k.i.DiagnosticsManager]     - Total: 2016-03-24T14:15:05+0000 - 1.51 kB
2016-03-24 23:26:57.721+0000 INFO  [o.n.k.i.DiagnosticsManager]   - Total: 2016-03-24T14:15:05+0000 - 1.64 kB
2016-03-24 23:26:57.721+0000 INFO  [o.n.k.i.DiagnosticsManager]   index:
2016-03-24 23:26:57.722+0000 INFO  [o.n.k.i.DiagnosticsManager]   - Total: 2016-03-24T14:08:55+0000 - 0.00 B
2016-03-24 23:26:57.722+0000 INFO  [o.n.k.i.DiagnosticsManager]   messages.log: 2016-03-24T23:26:57+0000 - 53.64 kB
2016-03-24 23:26:57.722+0000 INFO  [o.n.k.i.DiagnosticsManager]   neo4j.properties: 2016-03-24T14:15:05+0000 - 1.27 kB
2016-03-24 23:26:57.722+0000 INFO  [o.n.k.i.DiagnosticsManager]   neostore: 2016-03-24T14:15:05+0000 - 8.00 kB
2016-03-24 23:26:57.723+0000 INFO  [o.n.k.i.DiagnosticsManager]   neostore.counts.db.a: 2016-03-24T14:15:05+0000 - 96.00 B
2016-03-24 23:26:57.723+0000 INFO  [o.n.k.i.DiagnosticsManager]   neostore.counts.db.b: 2016-03-24T14:19:14+0000 - 160.00 B
2016-03-24 23:26:57.723+0000 INFO  [o.n.k.i.DiagnosticsManager]   neostore.id: 2016-03-24T23:26:56+0000 - 9.00 B
2016-03-24 23:26:57.724+0000 INFO  [o.n.k.i.DiagnosticsManager]   neostore.labeltokenstore.db: 2016-03-24T14:15:05+0000 - 0.00 B
2016-03-24 23:26:57.724+0000 INFO  [o.n.k.i.DiagnosticsManager]   neostore.labeltokenstore.db.id: 2016-03-24T23:26:56+0000 - 9.00 B
2016-03-24 23:26:57.724+0000 INFO  [o.n.k.i.DiagnosticsManager]   neostore.labeltokenstore.db.names: 2016-03-24T14:15:05+0000 - 8.00 kB
2016-03-24 23:26:57.724+0000 INFO  [o.n.k.i.DiagnosticsManager]   neostore.labeltokenstore.db.names.id: 2016-03-24T23:26:56+0000 - 9.00 B
2016-03-24 23:26:57.725+0000 INFO  [o.n.k.i.DiagnosticsManager]   neostore.nodestore.db: 2016-03-24T14:15:05+0000 - 0.00 B
2016-03-24 23:26:57.725+0000 INFO  [o.n.k.i.DiagnosticsManager]   neostore.nodestore.db.id: 2016-03-24T23:26:56+0000 - 9.00 B
2016-03-24 23:26:57.725+0000 INFO  [o.n.k.i.DiagnosticsManager]   neostore.nodestore.db.labels: 2016-03-24T14:15:05+0000 - 8.00 kB
2016-03-24 23:26:57.725+0000 INFO  [o.n.k.i.DiagnosticsManager]   neostore.nodestore.db.labels.id: 2016-03-24T23:26:56+0000 - 9.00 B
2016-03-24 23:26:57.726+0000 INFO  [o.n.k.i.DiagnosticsManager]   neostore.propertystore.db: 2016-03-24T14:15:05+0000 - 0.00 B
2016-03-24 23:26:57.726+0000 INFO  [o.n.k.i.DiagnosticsManager]   neostore.propertystore.db.arrays: 2016-03-24T14:15:05+0000 - 8.00 kB
2016-03-24 23:26:57.726+0000 INFO  [o.n.k.i.DiagnosticsManager]   neostore.propertystore.db.arrays.id: 2016-03-24T23:26:56+0000 - 9.00 B
2016-03-24 23:26:57.727+0000 INFO  [o.n.k.i.DiagnosticsManager]   neostore.propertystore.db.id: 2016-03-24T23:26:56+0000 - 9.00 B
2016-03-24 23:26:57.727+0000 INFO  [o.n.k.i.DiagnosticsManager]   neostore.propertystore.db.index: 2016-03-24T14:15:05+0000 - 0.00 B
2016-03-24 23:26:57.727+0000 INFO  [o.n.k.i.DiagnosticsManager]   neostore.propertystore.db.index.id: 2016-03-24T23:26:56+0000 - 9.00 B
2016-03-24 23:26:57.727+0000 INFO  [o.n.k.i.DiagnosticsManager]   neostore.propertystore.db.index.keys: 2016-03-24T14:15:05+0000 - 8.00 kB
2016-03-24 23:26:57.728+0000 INFO  [o.n.k.i.DiagnosticsManager]   neostore.propertystore.db.index.keys.id: 2016-03-24T23:26:56+0000 - 9.00 B
2016-03-24 23:26:57.728+0000 INFO  [o.n.k.i.DiagnosticsManager]   neostore.propertystore.db.strings: 2016-03-24T14:15:05+0000 - 8.00 kB
2016-03-24 23:26:57.728+0000 INFO  [o.n.k.i.DiagnosticsManager]   neostore.propertystore.db.strings.id: 2016-03-24T23:26:56+0000 - 9.00 B
2016-03-24 23:26:57.728+0000 INFO  [o.n.k.i.DiagnosticsManager]   neostore.relationshipgroupstore.db: 2016-03-24T14:15:05+0000 - 8.00 kB
2016-03-24 23:26:57.729+0000 INFO  [o.n.k.i.DiagnosticsManager]   neostore.relationshipgroupstore.db.id: 2016-03-24T23:26:56+0000 - 9.00 B
2016-03-24 23:26:57.729+0000 INFO  [o.n.k.i.DiagnosticsManager]   neostore.relationshipstore.db: 2016-03-24T14:15:05+0000 - 0.00 B
2016-03-24 23:26:57.729+0000 INFO  [o.n.k.i.DiagnosticsManager]   neostore.relationshipstore.db.id: 2016-03-24T23:26:56+0000 - 9.00 B
2016-03-24 23:26:57.729+0000 INFO  [o.n.k.i.DiagnosticsManager]   neostore.relationshiptypestore.db: 2016-03-24T14:15:05+0000 - 0.00 B
2016-03-24 23:26:57.730+0000 INFO  [o.n.k.i.DiagnosticsManager]   neostore.relationshiptypestore.db.id: 2016-03-24T23:26:56+0000 - 9.00 B
2016-03-24 23:26:57.730+0000 INFO  [o.n.k.i.DiagnosticsManager]   neostore.relationshiptypestore.db.names: 2016-03-24T14:15:05+0000 - 8.00 kB
2016-03-24 23:26:57.730+0000 INFO  [o.n.k.i.DiagnosticsManager]   neostore.relationshiptypestore.db.names.id: 2016-03-24T23:26:56+0000 - 9.00 B
2016-03-24 23:26:57.730+0000 INFO  [o.n.k.i.DiagnosticsManager]   neostore.schemastore.db: 2016-03-24T14:15:05+0000 - 8.00 kB
2016-03-24 23:26:57.731+0000 INFO  [o.n.k.i.DiagnosticsManager]   neostore.schemastore.db.id: 2016-03-24T23:26:56+0000 - 9.00 B
2016-03-24 23:26:57.731+0000 INFO  [o.n.k.i.DiagnosticsManager]   neostore.transaction.db.0: 2016-03-24T14:15:05+0000 - 34.00 B
2016-03-24 23:26:57.731+0000 INFO  [o.n.k.i.DiagnosticsManager]   schema:
2016-03-24 23:26:57.731+0000 INFO  [o.n.k.i.DiagnosticsManager]     label:
2016-03-24 23:26:57.731+0000 INFO  [o.n.k.i.DiagnosticsManager]       lucene:
2016-03-24 23:26:57.731+0000 INFO  [o.n.k.i.DiagnosticsManager]         _0.cfs: 2016-03-24T14:19:14+0000 - 253.00 B
2016-03-24 23:26:57.732+0000 INFO  [o.n.k.i.DiagnosticsManager]         segments.gen: 2016-03-24T14:19:14+0000 - 20.00 B
2016-03-24 23:26:57.732+0000 INFO  [o.n.k.i.DiagnosticsManager]         segments_2: 2016-03-24T14:19:14+0000 - 221.00 B
2016-03-24 23:26:57.732+0000 INFO  [o.n.k.i.DiagnosticsManager]         write.lock: 2016-03-24T23:26:56+0000 - 0.00 B
2016-03-24 23:26:57.732+0000 INFO  [o.n.k.i.DiagnosticsManager]       - Total: 2016-03-24T23:26:56+0000 - 494.00 B
2016-03-24 23:26:57.733+0000 INFO  [o.n.k.i.DiagnosticsManager]     - Total: 2016-03-10T04:38:18+0000 - 494.00 B
2016-03-24 23:26:57.733+0000 INFO  [o.n.k.i.DiagnosticsManager]   - Total: 2016-03-10T04:38:18+0000 - 494.00 B
2016-03-24 23:26:57.733+0000 INFO  [o.n.k.i.DiagnosticsManager]   store_lock: 2016-03-24T14:15:05+0000 - 0.00 B
2016-03-24 23:26:57.733+0000 INFO  [o.n.k.i.DiagnosticsManager] --- STARTED diagnostics for KernelDiagnostics:StoreFiles END ---
2016-03-24 23:26:58.779+0000 INFO  [o.n.k.i.DiagnosticsManager] --- SERVER STARTED START ---
2016-03-24 23:27:00.285+0000 INFO  [o.n.k.i.DiagnosticsManager] --- SERVER STARTED END ---
2016-03-24 23:29:29.169+0000 WARN  [o.n.k.i.c.MonitorGc] GC Monitor: Application threads blocked for 983ms.
2016-03-24 23:29:32.313+0000 WARN  [o.n.k.i.c.MonitorGc] GC Monitor: Application threads blocked for 3043ms.
2016-03-24 23:29:36.593+0000 WARN  [o.n.k.i.c.MonitorGc] GC Monitor: Application threads blocked for 4179ms.
2016-03-24 23:29:38.275+0000 WARN  [o.n.k.i.c.MonitorGc] GC Monitor: Application threads blocked for 1581ms.
2016-03-24 23:29:41.781+0000 WARN  [o.n.k.i.c.MonitorGc] GC Monitor: Application threads blocked for 3406ms.
2016-03-24 23:29:49.660+0000 WARN  [o.n.k.i.c.MonitorGc] GC Monitor: Application threads blocked for 7778ms.
2016-03-24 23:29:56.024+0000 WARN  [o.n.k.i.c.MonitorGc] GC Monitor: Application threads blocked for 6156ms.
2016-03-24 23:30:29.366+0000 WARN  [o.n.k.i.c.MonitorGc] GC Monitor: Application threads blocked for 973ms.
2016-03-24 23:30:30.496+0000 WARN  [o.n.k.i.c.MonitorGc] GC Monitor: Application threads blocked for 1029ms.
2016-03-24 23:30:35.275+0000 WARN  [o.n.k.i.c.MonitorGc] GC Monitor: Application threads blocked for 4678ms.
2016-03-24 23:30:41.778+0000 WARN  [o.n.k.i.c.MonitorGc] GC Monitor: Application threads blocked for 6403ms.
2016-03-24 23:30:48.089+0000 WARN  [o.n.k.i.c.MonitorGc] GC Monitor: Application threads blocked for 6210ms.
2016-03-24 23:30:51.892+0000 WARN  [o.n.k.i.c.MonitorGc] GC Monitor: Application threads blocked for 3702ms.
2016-03-24 23:30:54.842+0000 WARN  [o.n.k.i.c.MonitorGc] GC Monitor: Application threads blocked for 2849ms.
2016-03-24 23:30:58.539+0000 WARN  [o.n.k.i.c.MonitorGc] GC Monitor: Application threads blocked for 3595ms.
2016-03-24 23:31:00.007+0000 WARN  [o.n.k.i.c.MonitorGc] GC Monitor: Application threads blocked for 1367ms.
2016-03-24 23:32:00.008+0000 WARN  [o.n.k.i.c.MonitorGc] GC Monitor: Application threads blocked for 2459ms.
2016-03-24 23:32:01.905+0000 INFO  [o.n.k.i.t.l.c.CheckPointerImpl] Check Pointing triggered by scheduler for time threshold [6]:  Starting check pointing...
2016-03-24 23:32:01.906+0000 INFO  [o.n.k.i.t.l.c.CheckPointerImpl] Check Pointing triggered by scheduler for time threshold [6]:  Starting store flush...
2016-03-24 23:32:01.957+0000 INFO  [o.n.k.i.t.l.c.CheckPointerImpl] Check Pointing triggered by scheduler for time threshold [6]:  Store flush completed
2016-03-24 23:32:01.957+0000 INFO  [o.n.k.i.t.l.c.CheckPointerImpl] Check Pointing triggered by scheduler for time threshold [6]:  Starting appending check point entry into the tx log...
2016-03-24 23:32:01.964+0000 INFO  [o.n.k.i.t.l.c.CheckPointerImpl] Check Pointing triggered by scheduler for time threshold [6]:  Appending check point entry into the tx log completed
2016-03-24 23:32:01.964+0000 INFO  [o.n.k.i.t.l.c.CheckPointerImpl] Check Pointing triggered by scheduler for time threshold [6]:  Check pointing completed
2016-03-24 23:32:01.964+0000 INFO  [o.n.k.i.t.l.p.LogPruningImpl] Log Rotation [0]:  Starting log pruning.
2016-03-24 23:32:01.964+0000 INFO  [o.n.k.i.t.l.p.LogPruningImpl] Log Rotation [0]:  Log pruning complete.
2016-03-24 23:32:58.222+0000 WARN  [o.n.k.i.c.MonitorGc] GC Monitor: Application threads blocked for 1061ms.
2016-03-24 23:33:00.406+0000 WARN  [o.n.k.i.c.MonitorGc] GC Monitor: Application threads blocked for 2083ms.
2016-03-24 23:33:03.647+0000 WARN  [o.n.k.i.c.MonitorGc] GC Monitor: Application threads blocked for 3139ms.
2016-03-24 23:33:06.010+0000 WARN  [o.n.k.i.c.MonitorGc] GC Monitor: Application threads blocked for 2162ms.
2016-03-24 23:33:06.542+0000 WARN  [o.n.k.i.c.MonitorGc] GC Monitor: Application threads blocked for 431ms.
2016-03-24 23:33:08.838+0000 WARN  [o.n.k.i.c.MonitorGc] GC Monitor: Application threads blocked for 1685ms.
2016-03-24 23:33:13.084+0000 WARN  [o.n.k.i.c.MonitorGc] GC Monitor: Application threads blocked for 4025ms.
2016-03-24 23:33:15.091+0000 WARN  [o.n.k.i.c.MonitorGc] GC Monitor: Application threads blocked for 1906ms.
2016-03-24 23:33:17.381+0000 WARN  [o.n.k.i.c.MonitorGc] GC Monitor: Application threads blocked for 2190ms.
2016-03-24 23:33:21.451+0000 WARN  [o.n.k.i.c.MonitorGc] GC Monitor: Application threads blocked for 2637ms.
2016-03-24 23:33:24.683+0000 WARN  [o.n.k.i.c.MonitorGc] GC Monitor: Application threads blocked for 3031ms.
2016-03-24 23:33:26.695+0000 WARN  [o.n.k.i.c.MonitorGc] GC Monitor: Application threads blocked for 1811ms.
2016-03-24 23:33:28.522+0000 WARN  [o.n.k.i.c.MonitorGc] GC Monitor: Application threads blocked for 1726ms.
2016-03-24 23:33:29.313+0000 WARN  [o.n.k.i.c.MonitorGc] GC Monitor: Application threads blocked for 691ms.
2016-03-24 23:33:31.041+0000 WARN  [o.n.k.i.c.MonitorGc] GC Monitor: Application threads blocked for 1627ms.
2016-03-24 23:33:35.786+0000 WARN  [o.n.k.i.c.MonitorGc] GC Monitor: Application threads blocked for 4544ms.
2016-03-24 23:33:36.993+0000 WARN  [o.n.k.i.c.MonitorGc] GC Monitor: Application threads blocked for 1005ms.
2016-03-24 23:33:43.459+0000 WARN  [o.n.k.i.c.MonitorGc] GC Monitor: Application threads blocked for 6032ms.
2016-03-24 23:33:44.765+0000 WARN  [o.n.k.i.c.MonitorGc] GC Monitor: Application threads blocked for 1206ms.
2016-03-24 23:33:45.870+0000 WARN  [o.n.k.i.c.MonitorGc] GC Monitor: Application threads blocked for 1004ms.
2016-03-24 23:33:47.177+0000 WARN  [o.n.k.i.c.MonitorGc] GC Monitor: Application threads blocked for 1206ms.
2016-03-24 23:33:56.023+0000 WARN  [o.n.k.i.c.MonitorGc] GC Monitor: Application threads blocked for 8744ms.
2016-03-24 23:34:57.798+0000 WARN  [o.n.k.i.c.MonitorGc] GC Monitor: Application threads blocked for 265ms.
2016-03-24 23:34:59.231+0000 WARN  [o.n.k.i.c.MonitorGc] GC Monitor: Application threads blocked for 1332ms.
2016-03-24 23:35:00.107+0000 WARN  [o.n.k.i.c.MonitorGc] GC Monitor: Application threads blocked for 775ms.
2016-03-24 23:35:01.960+0000 WARN  [o.n.k.i.c.MonitorGc] GC Monitor: Application threads blocked for 1408ms.
2016-03-24 23:35:02.729+0000 WARN  [o.n.k.i.c.MonitorGc] GC Monitor: Application threads blocked for 668ms.
2016-03-24 23:35:07.871+0000 WARN  [o.n.k.i.c.MonitorGc] GC Monitor: Application threads blocked for 5041ms.
2016-03-24 23:35:18.071+0000 WARN  [o.n.k.i.c.MonitorGc] GC Monitor: Application threads blocked for 10000ms.
2016-03-24 23:35:27.435+0000 WARN  [o.n.k.i.c.MonitorGc] GC Monitor: Application threads blocked for 9263ms.
2016-03-24 23:35:29.326+0000 WARN  [o.n.k.i.c.MonitorGc] GC Monitor: Application threads blocked for 1790ms.
2016-03-24 23:35:30.929+0000 WARN  [o.n.k.i.c.MonitorGc] GC Monitor: Application threads blocked for 1402ms.
2016-03-24 23:35:31.563+0000 WARN  [o.n.k.i.c.MonitorGc] GC Monitor: Application threads blocked for 533ms.
2016-03-24 23:35:32.032+0000 WARN  [o.n.k.i.c.MonitorGc] GC Monitor: Application threads blocked for 367ms.
2016-03-24 23:35:33.675+0000 WARN  [o.n.k.i.c.MonitorGc] GC Monitor: Application threads blocked for 1442ms.
2016-03-24 23:35:34.529+0000 WARN  [o.n.k.i.c.MonitorGc] GC Monitor: Application threads blocked for 752ms.
2016-03-24 23:35:39.359+0000 WARN  [o.n.k.i.c.MonitorGc] GC Monitor: Application threads blocked for 4729ms.
2016-03-24 23:35:43.273+0000 WARN  [o.n.k.i.c.MonitorGc] GC Monitor: Application threads blocked for 3713ms.
2016-03-24 23:35:44.776+0000 WARN  [o.n.k.i.c.MonitorGc] GC Monitor: Application threads blocked for 1302ms.
2016-03-24 23:35:45.582+0000 WARN  [o.n.k.i.c.MonitorGc] GC Monitor: Application threads blocked for 705ms.
2016-03-24 23:35:46.393+0000 WARN  [o.n.k.i.c.MonitorGc] GC Monitor: Application threads blocked for 709ms.
2016-03-24 23:35:49.523+0000 WARN  [o.n.k.i.c.MonitorGc] GC Monitor: Application threads blocked for 2729ms.
2016-03-24 23:35:51.093+0000 WARN  [o.n.k.i.c.MonitorGc] GC Monitor: Application threads blocked for 1468ms.
2016-03-24 23:35:53.771+0000 WARN  [o.n.k.i.c.MonitorGc] GC Monitor: Application threads blocked for 2477ms.
2016-03-24 23:35:54.754+0000 WARN  [o.n.k.i.c.MonitorGc] GC Monitor: Application threads blocked for 881ms.
2016-03-24 23:35:56.744+0000 WARN  [o.n.k.i.c.MonitorGc] GC Monitor: Application threads blocked for 1766ms.
2016-03-24 23:36:00.070+0000 WARN  [o.n.k.i.c.MonitorGc] GC Monitor: Application threads blocked for 3226ms.
2016-03-24 23:36:05.596+0000 WARN  [o.n.k.i.c.MonitorGc] GC Monitor: Application threads blocked for 5118ms.
2016-03-24 23:36:06.526+0000 WARN  [o.n.k.i.c.MonitorGc] GC Monitor: Application threads blocked for 829ms.
2016-03-24 23:36:11.622+0000 WARN  [o.n.k.i.c.MonitorGc] GC Monitor: Application threads blocked for 4995ms.
2016-03-24 23:36:16.419+0000 WARN  [o.n.k.i.c.MonitorGc] GC Monitor: Application threads blocked for 4596ms.
2016-03-24 23:36:17.671+0000 WARN  [o.n.k.i.c.MonitorGc] GC Monitor: Application threads blocked for 1051ms.
2016-03-24 23:36:27.772+0000 WARN  [o.n.k.i.c.MonitorGc] GC Monitor: Application threads blocked for 10000ms.
2016-03-24 23:36:28.269+0000 WARN  [o.n.k.i.c.MonitorGc] GC Monitor: Application threads blocked for 396ms.
2016-03-24 23:36:29.233+0000 WARN  [o.n.k.i.c.MonitorGc] GC Monitor: Application threads blocked for 763ms.
2016-03-24 23:36:39.334+0000 WARN  [o.n.k.i.c.MonitorGc] GC Monitor: Application threads blocked for 10000ms.
2016-03-24 23:36:45.744+0000 WARN  [o.n.k.i.c.MonitorGc] GC Monitor: Application threads blocked for 6066ms.
2016-03-24 23:36:48.609+0000 WARN  [o.n.k.i.c.MonitorGc] GC Monitor: Application threads blocked for 2563ms.
2016-03-24 23:36:49.374+0000 WARN  [o.n.k.i.c.MonitorGc] GC Monitor: Application threads blocked for 664ms.
2016-03-24 23:36:54.348+0000 WARN  [o.n.k.i.c.MonitorGc] GC Monitor: Application threads blocked for 4872ms.
2016-03-24 23:36:55.808+0000 WARN  [o.n.k.i.c.MonitorGc] GC Monitor: Application threads blocked for 1259ms.
2016-03-24 23:36:56.774+0000 WARN  [o.n.k.i.c.MonitorGc] GC Monitor: Application threads blocked for 864ms.
2016-03-24 23:37:00.108+0000 WARN  [o.n.k.i.c.MonitorGc] GC Monitor: Application threads blocked for 3232ms.
2016-03-24 23:37:05.615+0000 WARN  [o.n.k.i.c.MonitorGc] GC Monitor: Application threads blocked for 4087ms.
2016-03-24 23:37:07.128+0000 WARN  [o.n.k.i.c.MonitorGc] GC Monitor: Application threads blocked for 1312ms.
2016-03-24 23:37:13.286+0000 WARN  [o.n.k.i.c.MonitorGc] GC Monitor: Application threads blocked for 6057ms.
2016-03-24 23:37:14.464+0000 WARN  [o.n.k.i.c.MonitorGc] GC Monitor: Application threads blocked for 976ms.
2016-03-24 23:37:21.668+0000 WARN  [o.n.k.i.c.MonitorGc] GC Monitor: Application threads blocked for 7103ms.
2016-03-24 23:37:24.754+0000 WARN  [o.n.k.i.c.MonitorGc] GC Monitor: Application threads blocked for 2885ms.
2016-03-24 23:37:31.123+0000 WARN  [o.n.k.i.c.MonitorGc] GC Monitor: Application threads blocked for 6268ms.
2016-03-24 23:37:32.743+0000 WARN  [o.n.k.i.c.MonitorGc] GC Monitor: Application threads blocked for 1419ms.
2016-03-24 23:37:33.328+0000 WARN  [o.n.k.i.c.MonitorGc] GC Monitor: Application threads blocked for 484ms.
2016-03-24 23:37:37.315+0000 WARN  [o.n.k.i.c.MonitorGc] GC Monitor: Application threads blocked for 3886ms.
2016-03-24 23:37:41.412+0000 WARN  [o.n.k.i.c.MonitorGc] GC Monitor: Application threads blocked for 3895ms.
2016-03-24 23:37:42.528+0000 WARN  [o.n.k.i.c.MonitorGc] GC Monitor: Application threads blocked for 916ms.
2016-03-24 23:37:52.629+0000 WARN  [o.n.k.i.c.MonitorGc] GC Monitor: Application threads blocked for 10000ms.
2016-03-24 23:37:56.121+0000 WARN  [o.n.k.i.c.MonitorGc] GC Monitor: Application threads blocked for 3391ms.
2016-03-24 23:38:00.107+0000 WARN  [o.n.k.i.c.MonitorGc] GC Monitor: Application threads blocked for 3680ms.
2016-03-24 23:38:11.445+0000 WARN  [o.n.k.i.c.MonitorGc] GC Monitor: Application threads blocked for 10000ms.
2016-03-24 23:38:19.019+0000 WARN  [o.n.k.i.c.MonitorGc] GC Monitor: Application threads blocked for 7473ms.
2016-03-24 23:38:21.601+0000 WARN  [o.n.k.i.c.MonitorGc] GC Monitor: Application threads blocked for 2381ms.
2016-03-24 23:38:28.149+0000 WARN  [o.n.k.i.c.MonitorGc] GC Monitor: Application threads blocked for 6147ms.
2016-03-24 23:38:30.154+0000 WARN  [o.n.k.i.c.MonitorGc] GC Monitor: Application threads blocked for 1904ms.
2016-03-24 23:38:30.954+0000 WARN  [o.n.k.i.c.MonitorGc] GC Monitor: Application threads blocked for 599ms.
2016-03-24 23:38:31.281+0000 WARN  [o.n.k.i.c.MonitorGc] GC Monitor: Application threads blocked for 226ms.
2016-03-24 23:38:33.572+0000 WARN  [o.n.k.i.c.MonitorGc] GC Monitor: Application threads blocked for 2190ms.
2016-03-24 23:38:33.909+0000 WARN  [o.n.k.i.c.MonitorGc] GC Monitor: Application threads blocked for 235ms.
2016-03-24 23:38:34.738+0000 WARN  [o.n.k.i.c.MonitorGc] GC Monitor: Application threads blocked for 729ms.
2016-03-24 23:38:37.958+0000 WARN  [o.n.k.i.c.MonitorGc] GC Monitor: Application threads blocked for 3118ms.
2016-03-24 23:38:44.111+0000 WARN  [o.n.k.i.c.MonitorGc] GC Monitor: Application threads blocked for 5917ms.
2016-03-24 23:38:45.231+0000 WARN  [o.n.k.i.c.MonitorGc] GC Monitor: Application threads blocked for 727ms.
2016-03-24 23:38:46.029+0000 WARN  [o.n.k.i.c.MonitorGc] GC Monitor: Application threads blocked for 697ms.
2016-03-24 23:38:46.434+0000 WARN  [o.n.k.i.c.MonitorGc] GC Monitor: Application threads blocked for 304ms.
2016-03-24 23:38:47.514+0000 WARN  [o.n.k.i.c.MonitorGc] GC Monitor: Application threads blocked for 979ms.
2016-03-24 23:38:47.957+0000 WARN  [o.n.k.i.c.MonitorGc] GC Monitor: Application threads blocked for 242ms.
2016-03-24 23:38:48.405+0000 WARN  [o.n.k.i.c.MonitorGc] GC Monitor: Application threads blocked for 347ms.
2016-03-24 23:38:49.773+0000 WARN  [o.n.k.i.c.MonitorGc] GC Monitor: Application threads blocked for 1266ms.
2016-03-24 23:38:54.216+0000 WARN  [o.n.k.i.c.MonitorGc] GC Monitor: Application threads blocked for 4342ms.
2016-03-24 23:38:55.887+0000 WARN  [o.n.k.i.c.MonitorGc] GC Monitor: Application threads blocked for 1470ms.
2016-03-24 23:38:58.218+0000 WARN  [o.n.k.i.c.MonitorGc] GC Monitor: Application threads blocked for 1491ms.
2016-03-24 23:38:59.026+0000 WARN  [o.n.k.i.c.MonitorGc] GC Monitor: Application threads blocked for 607ms.
2016-03-24 23:38:59.824+0000 WARN  [o.n.k.i.c.MonitorGc] GC Monitor: Application threads blocked for 697ms.
2016-03-24 23:39:05.059+0000 WARN  [o.n.k.i.c.MonitorGc] GC Monitor: Application threads blocked for 5132ms.
2016-03-24 23:39:06.440+0000 WARN  [o.n.k.i.c.MonitorGc] GC Monitor: Application threads blocked for 1179ms.
2016-03-24 23:39:16.541+0000 WARN  [o.n.k.i.c.MonitorGc] GC Monitor: Application threads blocked for 10000ms.
2016-03-24 23:39:23.795+0000 WARN  [o.n.k.i.c.MonitorGc] GC Monitor: Application threads blocked for 7153ms.
2016-03-24 23:39:24.694+0000 WARN  [o.n.k.i.c.MonitorGc] GC Monitor: Application threads blocked for 698ms.
2016-03-24 23:39:34.371+0000 WARN  [o.n.k.i.c.MonitorGc] GC Monitor: Application threads blocked for 9576ms.
2016-03-24 23:39:40.816+0000 WARN  [o.n.k.i.c.MonitorGc] GC Monitor: Application threads blocked for 6243ms.
2016-03-24 23:39:41.590+0000 WARN  [o.n.k.i.c.MonitorGc] GC Monitor: Application threads blocked for 673ms.
2016-03-24 23:39:43.648+0000 WARN  [o.n.k.i.c.MonitorGc] GC Monitor: Application threads blocked for 1957ms.
2016-03-24 23:39:45.564+0000 WARN  [o.n.k.i.c.MonitorGc] GC Monitor: Application threads blocked for 1603ms.
2016-03-24 23:39:48.088+0000 WARN  [o.n.k.i.c.MonitorGc] GC Monitor: Application threads blocked for 2423ms.
2016-03-24 23:39:49.377+0000 WARN  [o.n.k.i.c.MonitorGc] GC Monitor: Application threads blocked for 1087ms.
2016-03-24 23:39:50.228+0000 WARN  [o.n.k.i.c.MonitorGc] GC Monitor: Application threads blocked for 750ms.
2016-03-24 23:39:51.734+0000 WARN  [o.n.k.i.c.MonitorGc] GC Monitor: Application threads blocked for 1406ms.
2016-03-24 23:39:54.915+0000 WARN  [o.n.k.i.c.MonitorGc] GC Monitor: Application threads blocked for 3079ms.
2016-03-24 23:39:56.331+0000 WARN  [o.n.k.i.c.MonitorGc] GC Monitor: Application threads blocked for 1315ms.
2016-03-24 23:40:00.927+0000 WARN  [o.n.k.i.c.MonitorGc] GC Monitor: Application threads blocked for 4495ms.
2016-03-24 23:40:05.461+0000 WARN  [o.n.k.i.c.MonitorGc] GC Monitor: Application threads blocked for 4332ms.
2016-03-24 23:40:06.695+0000 WARN  [o.n.k.i.c.MonitorGc] GC Monitor: Application threads blocked for 1034ms.
2016-03-24 23:40:16.796+0000 WARN  [o.n.k.i.c.MonitorGc] GC Monitor: Application threads blocked for 10000ms.
2016-03-24 23:40:22.187+0000 WARN  [o.n.k.i.c.MonitorGc] GC Monitor: Application threads blocked for 5290ms.
2016-03-24 23:40:23.494+0000 WARN  [o.n.k.i.c.MonitorGc] GC Monitor: Application threads blocked for 1106ms.
2016-03-24 23:40:26.702+0000 WARN  [o.n.k.i.c.MonitorGc] GC Monitor: Application threads blocked for 3107ms.
2016-03-24 23:40:36.803+0000 WARN  [o.n.k.i.c.MonitorGc] GC Monitor: Application threads blocked for 10000ms.
2016-03-24 23:40:44.450+0000 WARN  [o.n.k.i.c.MonitorGc] GC Monitor: Application threads blocked for 7546ms.
2016-03-24 23:40:54.651+0000 WARN  [o.n.k.i.c.MonitorGc] GC Monitor: Application threads blocked for 10000ms.
2016-03-24 23:41:00.108+0000 WARN  [o.n.k.i.c.MonitorGc] GC Monitor: Application threads blocked for 5355ms.
2016-03-24 23:41:07.593+0000 WARN  [o.n.k.i.c.MonitorGc] GC Monitor: Application threads blocked for 6241ms.
2016-03-24 23:41:08.337+0000 WARN  [o.n.k.i.c.MonitorGc] GC Monitor: Application threads blocked for 643ms.
2016-03-24 23:41:08.798+0000 WARN  [o.n.k.i.c.MonitorGc] GC Monitor: Application threads blocked for 360ms.
2016-03-24 23:41:09.185+0000 WARN  [o.n.k.i.c.MonitorGc] GC Monitor: Application threads blocked for 285ms.
2016-03-24 23:41:09.914+0000 WARN  [o.n.k.i.c.MonitorGc] GC Monitor: Application threads blocked for 629ms.
2016-03-24 23:41:10.854+0000 WARN  [o.n.k.i.c.MonitorGc] GC Monitor: Application threads blocked for 838ms.
2016-03-24 23:41:11.737+0000 WARN  [o.n.k.i.c.MonitorGc] GC Monitor: Application threads blocked for 682ms.
2016-03-24 23:41:19.672+0000 WARN  [o.n.k.i.c.MonitorGc] GC Monitor: Application threads blocked for 7834ms.
2016-03-24 23:41:20.986+0000 WARN  [o.n.k.i.c.MonitorGc] GC Monitor: Application threads blocked for 930ms.
2016-03-24 23:41:22.473+0000 WARN  [o.n.k.i.c.MonitorGc] GC Monitor: Application threads blocked for 1386ms.
2016-03-24 23:41:27.764+0000 WARN  [o.n.k.i.c.MonitorGc] GC Monitor: Application threads blocked for 5190ms.
2016-03-24 23:41:31.007+0000 WARN  [o.n.k.i.c.MonitorGc] GC Monitor: Application threads blocked for 3041ms.
2016-03-24 23:41:41.207+0000 WARN  [o.n.k.i.c.MonitorGc] GC Monitor: Application threads blocked for 10000ms.
2016-03-24 23:41:44.192+0000 WARN  [o.n.k.i.c.MonitorGc] GC Monitor: Application threads blocked for 2884ms.
2016-03-24 23:41:46.389+0000 WARN  [o.n.k.i.c.MonitorGc] GC Monitor: Application threads blocked for 2096ms.
2016-03-24 23:41:47.255+0000 WARN  [o.n.k.i.c.MonitorGc] GC Monitor: Application threads blocked for 665ms.
2016-03-24 23:41:57.356+0000 WARN  [o.n.k.i.c.MonitorGc] GC Monitor: Application threads blocked for 10000ms.
2016-03-24 23:42:00.108+0000 WARN  [o.n.k.i.c.MonitorGc] GC Monitor: Application threads blocked for 2652ms.
2016-03-24 23:42:05.358+0000 WARN  [o.n.k.i.c.MonitorGc] GC Monitor: Application threads blocked for 4846ms.
2016-03-24 23:42:06.629+0000 WARN  [o.n.k.i.c.MonitorGc] GC Monitor: Application threads blocked for 1170ms.
2016-03-24 23:42:07.022+0000 WARN  [o.n.k.i.c.MonitorGc] GC Monitor: Application threads blocked for 291ms.
2016-03-24 23:42:07.987+0000 WARN  [o.n.k.i.c.MonitorGc] GC Monitor: Application threads blocked for 764ms.
2016-03-24 23:42:11.487+0000 WARN  [o.n.k.i.c.MonitorGc] GC Monitor: Application threads blocked for 3399ms.
2016-03-24 23:42:11.875+0000 WARN  [o.n.k.i.c.MonitorGc] GC Monitor: Application threads blocked for 287ms.
2016-03-24 23:42:12.829+0000 WARN  [o.n.k.i.c.MonitorGc] GC Monitor: Application threads blocked for 853ms.
2016-03-24 23:42:13.321+0000 WARN  [o.n.k.i.c.MonitorGc] GC Monitor: Application threads blocked for 391ms.
2016-03-24 23:42:13.919+0000 WARN  [o.n.k.i.c.MonitorGc] GC Monitor: Application threads blocked for 497ms.
2016-03-24 23:42:16.010+0000 WARN  [o.n.k.i.c.MonitorGc] GC Monitor: Application threads blocked for 1990ms.
2016-03-24 23:42:18.448+0000 WARN  [o.n.k.i.c.MonitorGc] GC Monitor: Application threads blocked for 2337ms.
2016-03-24 23:42:19.591+0000 WARN  [o.n.k.i.c.MonitorGc] GC Monitor: Application threads blocked for 941ms.
2016-03-24 23:42:20.981+0000 WARN  [o.n.k.i.c.MonitorGc] GC Monitor: Application threads blocked for 1290ms.
2016-03-24 23:42:23.631+0000 WARN  [o.n.k.i.c.MonitorGc] GC Monitor: Application threads blocked for 2448ms.
2016-03-24 23:42:24.325+0000 WARN  [o.n.k.i.c.MonitorGc] GC Monitor: Application threads blocked for 593ms.
2016-03-24 23:42:27.828+0000 WARN  [o.n.k.i.c.MonitorGc] GC Monitor: Application threads blocked for 3401ms.
2016-03-24 23:42:30.348+0000 WARN  [o.n.k.i.c.MonitorGc] GC Monitor: Application threads blocked for 2420ms.
2016-03-24 23:42:31.551+0000 WARN  [o.n.k.i.c.MonitorGc] GC Monitor: Application threads blocked for 1101ms.
2016-03-24 23:42:33.024+0000 WARN  [o.n.k.i.c.MonitorGc] GC Monitor: Application threads blocked for 1272ms.
2016-03-24 23:42:34.445+0000 WARN  [o.n.k.i.c.MonitorGc] GC Monitor: Application threads blocked for 1320ms.
2016-03-24 23:42:35.018+0000 WARN  [o.n.k.i.c.MonitorGc] GC Monitor: Application threads blocked for 371ms.
2016-03-24 23:42:36.077+0000 WARN  [o.n.k.i.c.MonitorGc] GC Monitor: Application threads blocked for 959ms.
2016-03-24 23:42:39.289+0000 WARN  [o.n.k.i.c.MonitorGc] GC Monitor: Application threads blocked for 3111ms.
2016-03-24 23:42:44.600+0000 WARN  [o.n.k.i.c.MonitorGc] GC Monitor: Application threads blocked for 5210ms.
2016-03-24 23:42:45.639+0000 WARN  [o.n.k.i.c.MonitorGc] GC Monitor: Application threads blocked for 838ms.
2016-03-24 23:42:46.374+0000 WARN  [o.n.k.i.c.MonitorGc] GC Monitor: Application threads blocked for 634ms.
2016-03-24 23:42:48.154+0000 WARN  [o.n.k.i.c.MonitorGc] GC Monitor: Application threads blocked for 1579ms.
2016-03-24 23:42:49.305+0000 WARN  [o.n.k.i.c.MonitorGc] GC Monitor: Application threads blocked for 1050ms.
2016-03-24 23:42:50.050+0000 WARN  [o.n.k.i.c.MonitorGc] GC Monitor: Application threads blocked for 544ms.
2016-03-24 23:42:56.124+0000 WARN  [o.n.k.i.c.MonitorGc] GC Monitor: Application threads blocked for 5972ms.
2016-03-24 23:43:00.107+0000 WARN  [o.n.k.i.c.MonitorGc] GC Monitor: Application threads blocked for 2508ms.
2016-03-24 23:43:02.006+0000 WARN  [o.n.k.i.c.MonitorGc] GC Monitor: Application threads blocked for 454ms.
2016-03-24 23:43:05.885+0000 WARN  [o.n.k.i.c.MonitorGc] GC Monitor: Application threads blocked for 3778ms.
2016-03-24 23:43:12.407+0000 WARN  [o.n.k.i.c.MonitorGc] GC Monitor: Application threads blocked for 6321ms.
2016-03-24 23:43:22.508+0000 WARN  [o.n.k.i.c.MonitorGc] GC Monitor: Application threads blocked for 10000ms.
2016-03-24 23:43:25.792+0000 WARN  [o.n.k.i.c.MonitorGc] GC Monitor: Application threads blocked for 3182ms.
2016-03-24 23:43:26.176+0000 WARN  [o.n.k.i.c.MonitorGc] GC Monitor: Application threads blocked for 283ms.
2016-03-24 23:43:27.838+0000 WARN  [o.n.k.i.c.MonitorGc] GC Monitor: Application threads blocked for 1562ms.
2016-03-24 23:43:31.150+0000 WARN  [o.n.k.i.c.MonitorGc] GC Monitor: Application threads blocked for 3211ms.
2016-03-24 23:43:38.619+0000 WARN  [o.n.k.i.c.MonitorGc] GC Monitor: Application threads blocked for 7368ms.
2016-03-24 23:43:45.758+0000 WARN  [o.n.k.i.c.MonitorGc] GC Monitor: Application threads blocked for 7038ms.
2016-03-24 23:43:48.620+0000 WARN  [o.n.k.i.c.MonitorGc] GC Monitor: Application threads blocked for 2661ms.
2016-03-24 23:43:54.208+0000 WARN  [o.n.k.i.c.MonitorGc] GC Monitor: Application threads blocked for 5487ms.
2016-03-24 23:43:54.802+0000 WARN  [o.n.k.i.c.MonitorGc] GC Monitor: Application threads blocked for 392ms.
2016-03-24 23:43:55.339+0000 WARN  [o.n.k.i.c.MonitorGc] GC Monitor: Application threads blocked for 436ms.
2016-03-24 23:43:56.120+0000 WARN  [o.n.k.i.c.MonitorGc] GC Monitor: Application threads blocked for 680ms.
2016-03-24 23:43:58.629+0000 WARN  [o.n.k.i.c.MonitorGc] GC Monitor: Application threads blocked for 2100ms.
2016-03-24 23:43:59.326+0000 WARN  [o.n.k.i.c.MonitorGc] GC Monitor: Application threads blocked for 496ms.
2016-03-24 23:44:00.274+0000 WARN  [o.n.k.i.c.MonitorGc] GC Monitor: Application threads blocked for 847ms.
2016-03-24 23:44:01.125+0000 WARN  [o.n.k.i.c.MonitorGc] GC Monitor: Application threads blocked for 750ms.
2016-03-24 23:44:05.134+0000 WARN  [o.n.k.i.c.MonitorGc] GC Monitor: Application threads blocked for 3908ms.
2016-03-24 23:44:06.400+0000 WARN  [o.n.k.i.c.MonitorGc] GC Monitor: Application threads blocked for 1065ms.
2016-03-24 23:44:07.223+0000 WARN  [o.n.k.i.c.MonitorGc] GC Monitor: Application threads blocked for 722ms.
2016-03-24 23:44:10.424+0000 WARN  [o.n.k.i.c.MonitorGc] GC Monitor: Application threads blocked for 3000ms.
2016-03-24 23:44:11.307+0000 WARN  [o.n.k.i.c.MonitorGc] GC Monitor: Application threads blocked for 682ms.
2016-03-24 23:44:18.738+0000 WARN  [o.n.k.i.c.MonitorGc] GC Monitor: Application threads blocked for 7329ms.
2016-03-24 23:44:19.964+0000 WARN  [o.n.k.i.c.MonitorGc] GC Monitor: Application threads blocked for 1026ms.
2016-03-24 23:44:28.657+0000 WARN  [o.n.k.i.c.MonitorGc] GC Monitor: Application threads blocked for 8591ms.
2016-03-24 23:44:32.468+0000 WARN  [o.n.k.i.c.MonitorGc] GC Monitor: Application threads blocked for 3610ms.
2016-03-24 23:44:33.061+0000 WARN  [o.n.k.i.c.MonitorGc] GC Monitor: Application threads blocked for 492ms.
2016-03-24 23:44:34.405+0000 WARN  [o.n.k.i.c.MonitorGc] GC Monitor: Application threads blocked for 1243ms.
2016-03-24 23:44:35.865+0000 WARN  [o.n.k.i.c.MonitorGc] GC Monitor: Application threads blocked for 1358ms.
2016-03-24 23:44:38.108+0000 WARN  [o.n.k.i.c.MonitorGc] GC Monitor: Application threads blocked for 2142ms.
2016-03-24 23:44:40.796+0000 WARN  [o.n.k.i.c.MonitorGc] GC Monitor: Application threads blocked for 2587ms.
2016-03-24 23:44:45.886+0000 WARN  [o.n.k.i.c.MonitorGc] GC Monitor: Application threads blocked for 4889ms.
2016-03-24 23:44:48.320+0000 WARN  [o.n.k.i.c.MonitorGc] GC Monitor: Application threads blocked for 2333ms.
2016-03-24 23:44:49.179+0000 WARN  [o.n.k.i.c.MonitorGc] GC Monitor: Application threads blocked for 657ms.
2016-03-24 23:44:59.280+0000 WARN  [o.n.k.i.c.MonitorGc] GC Monitor: Application threads blocked for 10000ms.
2016-03-24 23:45:09.380+0000 WARN  [o.n.k.i.c.MonitorGc] GC Monitor: Application threads blocked for 10000ms.
2016-03-24 23:45:14.082+0000 WARN  [o.n.k.i.c.MonitorGc] GC Monitor: Application threads blocked for 4600ms.
2016-03-24 23:45:15.248+0000 WARN  [o.n.k.i.c.MonitorGc] GC Monitor: Application threads blocked for 965ms.
2016-03-24 23:45:23.365+0000 WARN  [o.n.k.i.c.MonitorGc] GC Monitor: Application threads blocked for 8017ms.
2016-03-24 23:45:26.648+0000 WARN  [o.n.k.i.c.MonitorGc] GC Monitor: Application threads blocked for 3082ms.
2016-03-24 23:45:27.221+0000 WARN  [o.n.k.i.c.MonitorGc] GC Monitor: Application threads blocked for 472ms.
2016-03-24 23:45:28.710+0000 WARN  [o.n.k.i.c.MonitorGc] GC Monitor: Application threads blocked for 1387ms.
2016-03-24 23:45:30.784+0000 WARN  [o.n.k.i.c.MonitorGc] GC Monitor: Application threads blocked for 1973ms.
2016-03-24 23:45:37.391+0000 WARN  [o.n.k.i.c.MonitorGc] GC Monitor: Application threads blocked for 6406ms.
2016-03-24 23:45:42.274+0000 WARN  [o.n.k.i.c.MonitorGc] GC Monitor: Application threads blocked for 4781ms.
2016-03-24 23:45:43.426+0000 WARN  [o.n.k.i.c.MonitorGc] GC Monitor: Application threads blocked for 1051ms.
2016-03-24 23:45:44.625+0000 WARN  [o.n.k.i.c.MonitorGc] GC Monitor: Application threads blocked for 998ms.
2016-03-24 23:45:45.280+0000 WARN  [o.n.k.i.c.MonitorGc] GC Monitor: Application threads blocked for 553ms.
2016-03-24 23:45:46.565+0000 WARN  [o.n.k.i.c.MonitorGc] GC Monitor: Application threads blocked for 1084ms.
2016-03-24 23:45:47.673+0000 WARN  [o.n.k.i.c.MonitorGc] GC Monitor: Application threads blocked for 1007ms.
2016-03-24 23:45:48.292+0000 WARN  [o.n.k.i.c.MonitorGc] GC Monitor: Application threads blocked for 267ms.
2016-03-24 23:45:49.862+0000 WARN  [o.n.k.i.c.MonitorGc] GC Monitor: Application threads blocked for 1467ms.
2016-03-24 23:45:51.592+0000 WARN  [o.n.k.i.c.MonitorGc] GC Monitor: Application threads blocked for 1629ms.
2016-03-24 23:46:27.414+0000 WARN  [o.n.k.i.c.MonitorGc] GC Monitor: Application threads blocked for 228ms.
2016-03-24 23:46:29.199+0000 WARN  [o.n.k.i.c.MonitorGc] GC Monitor: Application threads blocked for 1684ms.
2016-03-24 23:46:39.405+0000 WARN  [o.n.k.i.c.MonitorGc] GC Monitor: Application threads blocked for 10000ms.
2016-03-24 23:46:41.259+0000 WARN  [o.n.k.i.c.MonitorGc] GC Monitor: Application threads blocked for 1752ms.
2016-03-24 23:46:43.408+0000 WARN  [o.n.k.i.c.MonitorGc] GC Monitor: Application threads blocked for 2048ms.
2016-03-24 23:46:44.632+0000 WARN  [o.n.k.i.c.MonitorGc] GC Monitor: Application threads blocked for 1123ms.
2016-03-24 23:46:45.130+0000 WARN  [o.n.k.i.c.MonitorGc] GC Monitor: Application threads blocked for 297ms.
2016-03-24 23:46:45.715+0000 WARN  [o.n.k.i.c.MonitorGc] GC Monitor: Application threads blocked for 384ms.
2016-03-24 23:46:48.774+0000 WARN  [o.n.k.i.c.MonitorGc] GC Monitor: Application threads blocked for 2958ms.
2016-03-24 23:46:49.497+0000 WARN  [o.n.k.i.c.MonitorGc] GC Monitor: Application threads blocked for 622ms.
2016-03-24 23:46:51.911+0000 WARN  [o.n.k.i.c.MonitorGc] GC Monitor: Application threads blocked for 2314ms.
2016-03-24 23:46:54.636+0000 WARN  [o.n.k.i.c.MonitorGc] GC Monitor: Application threads blocked for 2376ms.
2016-03-24 23:46:55.077+0000 WARN  [o.n.k.i.c.MonitorGc] GC Monitor: Application threads blocked for 340ms.
2016-03-24 23:46:55.663+0000 WARN  [o.n.k.i.c.MonitorGc] GC Monitor: Application threads blocked for 485ms.
2016-03-24 23:46:56.029+0000 WARN  [o.n.k.i.c.MonitorGc] GC Monitor: Application threads blocked for 264ms.
2016-03-24 23:49:08.369+0000 WARN  [o.n.k.i.c.MonitorGc] GC Monitor: Application threads blocked for 10000ms.
2016-03-24 23:49:18.470+0000 WARN  [o.n.k.i.c.MonitorGc] GC Monitor: Application threads blocked for 10000ms.
2016-03-24 23:49:28.570+0000 WARN  [o.n.k.i.c.MonitorGc] GC Monitor: Application threads blocked for 10000ms.
2016-03-24 23:49:38.671+0000 WARN  [o.n.k.i.c.MonitorGc] GC Monitor: Application threads blocked for 10000ms.
2016-03-24 23:49:48.772+0000 WARN  [o.n.k.i.c.MonitorGc] GC Monitor: Application threads blocked for 10000ms.
2016-03-24 23:49:58.873+0000 WARN  [o.n.k.i.c.MonitorGc] GC Monitor: Application threads blocked for 10000ms.
2016-03-24 23:50:08.973+0000 WARN  [o.n.k.i.c.MonitorGc] GC Monitor: Application threads blocked for 10000ms.
2016-03-24 23:50:19.074+0000 WARN  [o.n.k.i.c.MonitorGc] GC Monitor: Application threads blocked for 10000ms.
2016-03-24 23:50:29.175+0000 WARN  [o.n.k.i.c.MonitorGc] GC Monitor: Application threads blocked for 10000ms.
2016-03-24 23:50:39.275+0000 WARN  [o.n.k.i.c.MonitorGc] GC Monitor: Application threads blocked for 10000ms.
2016-03-24 23:50:49.376+0000 WARN  [o.n.k.i.c.MonitorGc] GC Monitor: Application threads blocked for 10000ms.
2016-03-24 23:50:59.477+0000 WARN  [o.n.k.i.c.MonitorGc] GC Monitor: Application threads blocked for 10000ms.
2016-03-24 23:51:00.007+0000 WARN  [o.n.k.i.c.MonitorGc] GC Monitor: Application threads blocked for 429ms.
2016-03-24 23:52:00.007+0000 WARN  [o.n.k.i.c.MonitorGc] GC Monitor: Application threads blocked for 1567ms.
2016-03-24 23:54:30.341+0000 WARN  [o.n.k.i.c.MonitorGc] GC Monitor: Application threads blocked for 2773ms.
2016-03-24 23:54:31.379+0000 WARN  [o.n.k.i.c.MonitorGc] GC Monitor: Application threads blocked for 937ms.
2016-03-24 23:54:34.835+0000 WARN  [o.n.k.i.c.MonitorGc] GC Monitor: Application threads blocked for 3354ms.
2016-03-24 23:54:35.601+0000 WARN  [o.n.k.i.c.MonitorGc] GC Monitor: Application threads blocked for 665ms.
2016-03-24 23:54:36.350+0000 WARN  [o.n.k.i.c.MonitorGc] GC Monitor: Application threads blocked for 648ms.
2016-03-24 23:54:40.365+0000 WARN  [o.n.k.i.c.MonitorGc] GC Monitor: Application threads blocked for 3914ms.
2016-03-24 23:54:41.213+0000 WARN  [o.n.k.i.c.MonitorGc] GC Monitor: Application threads blocked for 747ms.
2016-03-24 23:54:50.875+0000 WARN  [o.n.k.i.c.MonitorGc] GC Monitor: Application threads blocked for 9560ms.
2016-03-24 23:54:52.217+0000 WARN  [o.n.k.i.c.MonitorGc] GC Monitor: Application threads blocked for 1241ms.
2016-03-24 23:54:53.350+0000 WARN  [o.n.k.i.c.MonitorGc] GC Monitor: Application threads blocked for 1031ms.
2016-03-24 23:54:54.807+0000 WARN  [o.n.k.i.c.MonitorGc] GC Monitor: Application threads blocked for 1356ms.
2016-03-24 23:54:55.797+0000 WARN  [o.n.k.i.c.MonitorGc] GC Monitor: Application threads blocked for 889ms.
2016-03-24 23:54:59.091+0000 WARN  [o.n.k.i.c.MonitorGc] GC Monitor: Application threads blocked for 3193ms.
2016-03-24 23:55:59.596+0000 WARN  [o.n.k.i.c.MonitorGc] GC Monitor: Application threads blocked for 1536ms.
2016-03-24 23:56:02.334+0000 WARN  [o.n.k.i.c.MonitorGc] GC Monitor: Application threads blocked for 2637ms.
2016-03-24 23:56:03.112+0000 WARN  [o.n.k.i.c.MonitorGc] GC Monitor: Application threads blocked for 677ms.
2016-03-24 23:56:04.331+0000 WARN  [o.n.k.i.c.MonitorGc] GC Monitor: Application threads blocked for 1118ms.
2016-03-24 23:56:05.018+0000 WARN  [o.n.k.i.c.MonitorGc] GC Monitor: Application threads blocked for 587ms.
2016-03-24 23:56:06.562+0000 WARN  [o.n.k.i.c.MonitorGc] GC Monitor: Application threads blocked for 1442ms.
2016-03-24 23:56:08.157+0000 WARN  [o.n.k.i.c.MonitorGc] GC Monitor: Application threads blocked for 1494ms.
2016-03-24 23:56:09.777+0000 WARN  [o.n.k.i.c.MonitorGc] GC Monitor: Application threads blocked for 1518ms.
2016-03-24 23:56:19.823+0000 WARN  [o.n.k.i.c.MonitorGc] GC Monitor: Application threads blocked for 9944ms.
2016-03-24 23:56:22.149+0000 WARN  [o.n.k.i.c.MonitorGc] GC Monitor: Application threads blocked for 2225ms.
2016-03-24 23:56:31.931+0000 WARN  [o.n.k.i.c.MonitorGc] GC Monitor: Application threads blocked for 9681ms.
2016-03-24 23:56:42.154+0000 WARN  [o.n.k.i.c.MonitorGc] GC Monitor: Application threads blocked for 10000ms.
2016-03-24 23:56:44.583+0000 WARN  [o.n.k.i.c.MonitorGc] GC Monitor: Application threads blocked for 2328ms.
2016-03-24 23:56:46.327+0000 WARN  [o.n.k.i.c.MonitorGc] GC Monitor: Application threads blocked for 1642ms.
2016-03-24 23:56:54.630+0000 WARN  [o.n.k.i.c.MonitorGc] GC Monitor: Application threads blocked for 8202ms.
2016-03-24 23:56:56.036+0000 WARN  [o.n.k.i.c.MonitorGc] GC Monitor: Application threads blocked for 1305ms.
2016-03-25 00:00:00.007+0000 WARN  [o.n.k.i.c.MonitorGc] GC Monitor: Application threads blocked for 1590ms.
2016-03-25 00:01:00.008+0000 WARN  [o.n.k.i.c.MonitorGc] GC Monitor: Application threads blocked for 2089ms.
2016-03-25 00:01:59.268+0000 WARN  [o.n.k.i.c.MonitorGc] GC Monitor: Application threads blocked for 1960ms.
2016-03-25 00:02:00.007+0000 WARN  [o.n.k.i.c.MonitorGc] GC Monitor: Application threads blocked for 638ms.
2016-03-25 00:04:24.743+0000 INFO  [o.n.k.i.t.l.c.CheckPointerImpl] Check Pointing triggered by scheduler for time threshold [11]:  Starting check pointing...
2016-03-25 00:04:24.743+0000 INFO  [o.n.k.i.t.l.c.CheckPointerImpl] Check Pointing triggered by scheduler for time threshold [11]:  Starting store flush...
2016-03-25 00:04:24.751+0000 INFO  [o.n.k.i.s.c.CountsTracker] About to rotate counts store at transaction 11 to [/Users/JasonMcTigue/Documents/GraphTheory/project-template-master/constituencies.graphdb/neostore.counts.db.a], from [/Users/JasonMcTigue/Documents/GraphTheory/project-template-master/constituencies.graphdb/neostore.counts.db.b].
2016-03-25 00:04:24.756+0000 INFO  [o.n.k.i.s.c.CountsTracker] Successfully rotated counts store at transaction 11 to [/Users/JasonMcTigue/Documents/GraphTheory/project-template-master/constituencies.graphdb/neostore.counts.db.a], from [/Users/JasonMcTigue/Documents/GraphTheory/project-template-master/constituencies.graphdb/neostore.counts.db.b].
2016-03-25 00:04:24.763+0000 INFO  [o.n.k.i.t.l.c.CheckPointerImpl] Check Pointing triggered by scheduler for time threshold [11]:  Store flush completed
2016-03-25 00:04:24.763+0000 INFO  [o.n.k.i.t.l.c.CheckPointerImpl] Check Pointing triggered by scheduler for time threshold [11]:  Starting appending check point entry into the tx log...
2016-03-25 00:04:24.763+0000 INFO  [o.n.k.i.t.l.c.CheckPointerImpl] Check Pointing triggered by scheduler for time threshold [11]:  Appending check point entry into the tx log completed
2016-03-25 00:04:24.764+0000 INFO  [o.n.k.i.t.l.c.CheckPointerImpl] Check Pointing triggered by scheduler for time threshold [11]:  Check pointing completed
2016-03-25 00:04:24.764+0000 INFO  [o.n.k.i.t.l.p.LogPruningImpl] Log Rotation [0]:  Starting log pruning.
2016-03-25 00:04:24.764+0000 INFO  [o.n.k.i.t.l.p.LogPruningImpl] Log Rotation [0]:  Log pruning complete.
2016-03-25 00:05:00.197+0000 WARN  [o.n.k.i.c.MonitorGc] GC Monitor: Application threads blocked for 3376ms.
2016-03-25 00:05:03.505+0000 WARN  [o.n.k.i.c.MonitorGc] GC Monitor: Application threads blocked for 3107ms.
2016-03-25 00:05:07.502+0000 WARN  [o.n.k.i.c.MonitorGc] GC Monitor: Application threads blocked for 3896ms.
2016-03-25 00:05:09.967+0000 WARN  [o.n.k.i.c.MonitorGc] GC Monitor: Application threads blocked for 2263ms.
2016-03-25 00:05:12.705+0000 WARN  [o.n.k.i.c.MonitorGc] GC Monitor: Application threads blocked for 2499ms.
2016-03-25 00:05:13.089+0000 WARN  [o.n.k.i.c.MonitorGc] GC Monitor: Application threads blocked for 280ms.
2016-03-25 00:05:17.507+0000 WARN  [o.n.k.i.c.MonitorGc] GC Monitor: Application threads blocked for 4213ms.
